This file contains any messages produced by compilers while
running configure, to aid debugging if configure makes a mistake.

It was created by configure, which was
generated by GNU Autoconf 2.61.  Invocation command line was

  $ ./configure --prefix=/usr --sysconfdir=/etc --enable-pop --enable-imap --enable-smtp --with-sasl --with-ssl=/usr --without-idn --enable-hcache --enable-pgp --enable-inodesort --enable-compressed --with-regex --enable-gpgme --with-slang=/usr

## --------- ##
## Platform. ##
## --------- ##

hostname = centuar
uname -m = i686
uname -r = 2.6.28-ARCH
uname -s = Linux
uname -v = #1 SMP PREEMPT Sun Feb 22 11:03:50 UTC 2009

/usr/bin/uname -p = unknown
/bin/uname -X     = unknown

/bin/arch              = i686
/usr/bin/arch -k       = unknown
/usr/convex/getsysinfo = unknown
/usr/bin/hostinfo      = unknown
/bin/machine           = unknown
/usr/bin/oslevel       = unknown
/bin/universe          = unknown

PATH: /home/colin/sys/bin
PATH: /home/colin/sys/bin
PATH: /bin
PATH: /usr/bin
PATH: /sbin
PATH: /usr/sbin
PATH: /opt/java/bin
PATH: /opt/java/jre/bin
PATH: /usr/bin/perlbin/site
PATH: /usr/bin/perlbin/vendor
PATH: /usr/bin/perlbin/core
PATH: /opt/qt/bin
PATH: /usr/local/bin
PATH: /usr/local/sbin
PATH: /usr/local/bin
PATH: /usr/local/sbin


## ----------- ##
## Core tests. ##
## ----------- ##

configure:1887: checking for a BSD-compatible install
configure:1943: result: /bin/install -c
configure:1954: checking whether build environment is sane
configure:1997: result: yes
configure:2025: checking for a thread-safe mkdir -p
configure:2064: result: /bin/mkdir -p
configure:2077: checking for gawk
configure:2093: found /bin/gawk
configure:2104: result: gawk
configure:2115: checking whether make sets $(MAKE)
configure:2136: result: yes
configure:2342: checking build system type
configure:2360: result: i686-pc-linux-gnu
configure:2382: checking host system type
configure:2397: result: i686-pc-linux-gnu
configure:2420: checking for prefix
configure:2427: result: /usr
configure:2478: checking for gcc
configure:2494: found /bin/gcc
configure:2505: result: gcc
configure:2743: checking for C compiler version
configure:2750: gcc --version >&5
gcc (GCC) 4.3.3
Copyright (C) 2008 Free Software Foundation, Inc.
This is free software; see the source for copying conditions.  There is NO
warranty; not even for MERCHANTABILITY or FITNESS FOR A PARTICULAR PURPOSE.

configure:2753: $? = 0
configure:2760: gcc -v >&5
Using built-in specs.
Target: i686-pc-linux-gnu
Configured with: ../configure --prefix=/usr --enable-shared --enable-languages=c,c++,fortran,objc,obj-c++,treelang --enable-threads=posix --mandir=/usr/share/man --infodir=/usr/share/info --enable-__cxa_atexit --disable-multilib --libdir=/usr/lib --libexecdir=/usr/lib --enable-clocale=gnu --disable-libstdcxx-pch --with-tune=generic
Thread model: posix
gcc version 4.3.3 (GCC) 
configure:2763: $? = 0
configure:2770: gcc -V >&5
gcc: '-V' option must have argument
configure:2773: $? = 1
configure:2796: checking for C compiler default output file name
configure:2823: gcc -march=core2 -O3 -pipe   conftest.c  >&5
configure:2826: $? = 0
configure:2864: result: a.out
configure:2881: checking whether the C compiler works
configure:2891: ./a.out
configure:2894: $? = 0
configure:2911: result: yes
configure:2918: checking whether we are cross compiling
configure:2920: result: no
configure:2923: checking for suffix of executables
configure:2930: gcc -o conftest -march=core2 -O3 -pipe   conftest.c  >&5
configure:2933: $? = 0
configure:2957: result: 
configure:2963: checking for suffix of object files
configure:2989: gcc -c -march=core2 -O3 -pipe  conftest.c >&5
configure:2992: $? = 0
configure:3015: result: o
configure:3019: checking whether we are using the GNU C compiler
configure:3048: gcc -c -march=core2 -O3 -pipe  conftest.c >&5
configure:3054: $? = 0
configure:3071: result: yes
configure:3076: checking whether gcc accepts -g
configure:3106: gcc -c -g  conftest.c >&5
configure:3112: $? = 0
configure:3211: result: yes
configure:3228: checking for gcc option to accept ISO C89
configure:3302: gcc  -c -march=core2 -O3 -pipe  conftest.c >&5
configure:3308: $? = 0
configure:3331: result: none needed
configure:3360: checking for style of include used by make
configure:3388: result: GNU
configure:3413: checking dependency style of gcc
configure:3504: result: gcc3
configure:3520: checking for library containing strerror
configure:3561: gcc -o conftest -march=core2 -O3 -pipe   conftest.c  >&5
configure:3567: $? = 0
configure:3595: result: none required
configure:3603: checking for function prototypes
configure:3606: result: yes
configure:3628: checking how to run the C preprocessor
configure:3668: gcc -E  conftest.c
configure:3674: $? = 0
configure:3705: gcc -E  conftest.c
conftest.c:13:28: error: ac_nonexistent.h: No such file or directory
configure:3711: $? = 1
configure: failed program was:
| /* confdefs.h.  */
| #define PACKAGE_NAME ""
| #define PACKAGE_TARNAME ""
| #define PACKAGE_VERSION ""
| #define PACKAGE_STRING ""
| #define PACKAGE_BUGREPORT ""
| #define PACKAGE "mutt"
| #define VERSION "1.5.19"
| #define _GNU_SOURCE 1
| #define PROTOTYPES 1
| #define __PROTOTYPES 1
| /* end confdefs.h.  */
| #include <ac_nonexistent.h>
configure:3744: result: gcc -E
configure:3773: gcc -E  conftest.c
configure:3779: $? = 0
configure:3810: gcc -E  conftest.c
conftest.c:13:28: error: ac_nonexistent.h: No such file or directory
configure:3816: $? = 1
configure: failed program was:
| /* confdefs.h.  */
| #define PACKAGE_NAME ""
| #define PACKAGE_TARNAME ""
| #define PACKAGE_VERSION ""
| #define PACKAGE_STRING ""
| #define PACKAGE_BUGREPORT ""
| #define PACKAGE "mutt"
| #define VERSION "1.5.19"
| #define _GNU_SOURCE 1
| #define PROTOTYPES 1
| #define __PROTOTYPES 1
| /* end confdefs.h.  */
| #include <ac_nonexistent.h>
configure:3854: checking for grep that handles long lines and -e
configure:3928: result: /bin/grep
configure:3933: checking for egrep
configure:4011: result: /bin/grep -E
configure:4016: checking for ANSI C header files
configure:4046: gcc -c -march=core2 -O3 -pipe  conftest.c >&5
configure:4052: $? = 0
configure:4151: gcc -o conftest -march=core2 -O3 -pipe   conftest.c  >&5
configure:4154: $? = 0
configure:4160: ./conftest
configure:4163: $? = 0
configure:4180: result: yes
configure:4204: checking for sys/types.h
configure:4225: gcc -c -march=core2 -O3 -pipe  conftest.c >&5
configure:4231: $? = 0
configure:4247: result: yes
configure:4204: checking for sys/stat.h
configure:4225: gcc -c -march=core2 -O3 -pipe  conftest.c >&5
configure:4231: $? = 0
configure:4247: result: yes
configure:4204: checking for stdlib.h
configure:4225: gcc -c -march=core2 -O3 -pipe  conftest.c >&5
configure:4231: $? = 0
configure:4247: result: yes
configure:4204: checking for string.h
configure:4225: gcc -c -march=core2 -O3 -pipe  conftest.c >&5
configure:4231: $? = 0
configure:4247: result: yes
configure:4204: checking for memory.h
configure:4225: gcc -c -march=core2 -O3 -pipe  conftest.c >&5
configure:4231: $? = 0
configure:4247: result: yes
configure:4204: checking for strings.h
configure:4225: gcc -c -march=core2 -O3 -pipe  conftest.c >&5
configure:4231: $? = 0
configure:4247: result: yes
configure:4204: checking for inttypes.h
configure:4225: gcc -c -march=core2 -O3 -pipe  conftest.c >&5
configure:4231: $? = 0
configure:4247: result: yes
configure:4204: checking for stdint.h
configure:4225: gcc -c -march=core2 -O3 -pipe  conftest.c >&5
configure:4231: $? = 0
configure:4247: result: yes
configure:4204: checking for unistd.h
configure:4225: gcc -c -march=core2 -O3 -pipe  conftest.c >&5
configure:4231: $? = 0
configure:4247: result: yes
configure:4272: checking for string.h
configure:4278: result: yes
configure:4418: checking how to run the C preprocessor
configure:4534: result: gcc -E
configure:4563: gcc -E  conftest.c
configure:4569: $? = 0
configure:4600: gcc -E  conftest.c
conftest.c:24:28: error: ac_nonexistent.h: No such file or directory
configure:4606: $? = 1
configure: failed program was:
| /* confdefs.h.  */
| #define PACKAGE_NAME ""
| #define PACKAGE_TARNAME ""
| #define PACKAGE_VERSION ""
| #define PACKAGE_STRING ""
| #define PACKAGE_BUGREPORT ""
| #define PACKAGE "mutt"
| #define VERSION "1.5.19"
| #define _GNU_SOURCE 1
| #define PROTOTYPES 1
| #define __PROTOTYPES 1
| #define STDC_HEADERS 1
| #define HAVE_SYS_TYPES_H 1
| #define HAVE_SYS_STAT_H 1
| #define HAVE_STDLIB_H 1
| #define HAVE_STRING_H 1
| #define HAVE_MEMORY_H 1
| #define HAVE_STRINGS_H 1
| #define HAVE_INTTYPES_H 1
| #define HAVE_STDINT_H 1
| #define HAVE_UNISTD_H 1
| #define HAVE_STRING_H 1
| /* end confdefs.h.  */
| #include <ac_nonexistent.h>
configure:4643: checking whether make sets $(MAKE)
configure:4664: result: yes
configure:4686: checking for a BSD-compatible install
configure:4742: result: /bin/install -c
configure:4796: checking for ranlib
configure:4812: found /usr/bin/ranlib
configure:4823: result: ranlib
configure:4892: checking for ar
configure:4908: found /usr/bin/ar
configure:4919: result: ar
configure:4946: checking for inline
configure:4972: gcc -c -march=core2 -O3 -pipe  conftest.c >&5
configure:4978: $? = 0
configure:4996: result: inline
configure:5015: checking for an ANSI C-conforming const
configure:5090: gcc -c -march=core2 -O3 -pipe  conftest.c >&5
configure:5096: $? = 0
configure:5111: result: yes
configure:5121: checking whether byte ordering is bigendian
configure:5154: gcc -c -march=core2 -O3 -pipe  conftest.c >&5
configure:5160: $? = 0
configure:5192: gcc -c -march=core2 -O3 -pipe  conftest.c >&5
conftest.c: In function 'main':
conftest.c:31: error: 'not' undeclared (first use in this function)
conftest.c:31: error: (Each undeclared identifier is reported only once
conftest.c:31: error: for each function it appears in.)
conftest.c:31: error: expected ';' before 'big'
configure:5198: $? = 1
configure: failed program was:
| /* confdefs.h.  */
| #define PACKAGE_NAME ""
| #define PACKAGE_TARNAME ""
| #define PACKAGE_VERSION ""
| #define PACKAGE_STRING ""
| #define PACKAGE_BUGREPORT ""
| #define PACKAGE "mutt"
| #define VERSION "1.5.19"
| #define _GNU_SOURCE 1
| #define PROTOTYPES 1
| #define __PROTOTYPES 1
| #define STDC_HEADERS 1
| #define HAVE_SYS_TYPES_H 1
| #define HAVE_SYS_STAT_H 1
| #define HAVE_STDLIB_H 1
| #define HAVE_STRING_H 1
| #define HAVE_MEMORY_H 1
| #define HAVE_STRINGS_H 1
| #define HAVE_INTTYPES_H 1
| #define HAVE_STDINT_H 1
| #define HAVE_UNISTD_H 1
| #define HAVE_STRING_H 1
| /* end confdefs.h.  */
| #include <sys/types.h>
| #include <sys/param.h>
| 
| int
| main ()
| {
| #if BYTE_ORDER != BIG_ENDIAN
|  not big endian
| #endif
| 
|   ;
|   return 0;
| }
configure:5338: result: no
configure:5365: checking for special C compiler options needed for large files
configure:5458: result: no
configure:5464: checking for _FILE_OFFSET_BITS value needed for large files
configure:5499: gcc -c -march=core2 -O3 -pipe  conftest.c >&5
conftest.c:30: warning: left shift count >= width of type
conftest.c:30: warning: left shift count >= width of type
conftest.c:32: error: size of array 'off_t_is_large' is negative
configure:5505: $? = 1
configure: failed program was:
| /* confdefs.h.  */
| #define PACKAGE_NAME ""
| #define PACKAGE_TARNAME ""
| #define PACKAGE_VERSION ""
| #define PACKAGE_STRING ""
| #define PACKAGE_BUGREPORT ""
| #define PACKAGE "mutt"
| #define VERSION "1.5.19"
| #define _GNU_SOURCE 1
| #define PROTOTYPES 1
| #define __PROTOTYPES 1
| #define STDC_HEADERS 1
| #define HAVE_SYS_TYPES_H 1
| #define HAVE_SYS_STAT_H 1
| #define HAVE_STDLIB_H 1
| #define HAVE_STRING_H 1
| #define HAVE_MEMORY_H 1
| #define HAVE_STRINGS_H 1
| #define HAVE_INTTYPES_H 1
| #define HAVE_STDINT_H 1
| #define HAVE_UNISTD_H 1
| #define HAVE_STRING_H 1
| /* end confdefs.h.  */
| #include <sys/types.h>
|  /* Check that off_t can represent 2**63 - 1 correctly.
|     We can't simply define LARGE_OFF_T to be 9223372036854775807,
|     since some C++ compilers masquerading as C compilers
|     incorrectly reject 9223372036854775807.  */
| #define LARGE_OFF_T (((off_t) 1 << 62) - 1 + ((off_t) 1 << 62))
|   int off_t_is_large[(LARGE_OFF_T % 2147483629 == 721
| 		       && LARGE_OFF_T % 2147483647 == 1)
| 		      ? 1 : -1];
| int
| main ()
| {
| 
|   ;
|   return 0;
| }
configure:5549: gcc -c -march=core2 -O3 -pipe  conftest.c >&5
configure:5555: $? = 0
configure:5573: result: 64
configure:5708: checking for _LARGEFILE_SOURCE value needed for large files
configure:5737: gcc -o conftest -march=core2 -O3 -pipe   conftest.c  >&5
configure:5743: $? = 0
configure:5809: result: no
configure:5832: checking for off_t
configure:5862: gcc -c -march=core2 -O3 -pipe  conftest.c >&5
configure:5868: $? = 0
configure:5883: result: yes
configure:5890: checking size of off_t
configure:6192: gcc -o conftest -march=core2 -O3 -pipe   conftest.c  >&5
configure:6195: $? = 0
configure:6201: ./conftest
configure:6204: $? = 0
configure:6227: result: 8
configure:6240: checking for dbx
configure:6271: result: no
configure:6281: checking for gdb
configure:6299: found /usr/bin/gdb
configure:6312: result: /usr/bin/gdb
configure:6322: checking for sdb
configure:6353: result: no
configure:6402: checking for inttypes.h
configure:6408: result: yes
configure:6537: checking for uint32_t
configure:6567: gcc -c -march=core2 -O3 -pipe  conftest.c >&5
configure:6573: $? = 0
configure:6588: result: yes
configure:6598: checking for short
configure:6628: gcc -c -march=core2 -O3 -pipe  conftest.c >&5
configure:6634: $? = 0
configure:6649: result: yes
configure:6656: checking size of short
configure:6958: gcc -o conftest -march=core2 -O3 -pipe   conftest.c  >&5
configure:6961: $? = 0
configure:6967: ./conftest
configure:6970: $? = 0
configure:6993: result: 2
configure:7003: checking for int
configure:7033: gcc -c -march=core2 -O3 -pipe  conftest.c >&5
configure:7039: $? = 0
configure:7054: result: yes
configure:7061: checking size of int
configure:7363: gcc -o conftest -march=core2 -O3 -pipe   conftest.c  >&5
configure:7366: $? = 0
configure:7372: ./conftest
configure:7375: $? = 0
configure:7398: result: 4
configure:7408: checking for long
configure:7438: gcc -c -march=core2 -O3 -pipe  conftest.c >&5
configure:7444: $? = 0
configure:7459: result: yes
configure:7466: checking size of long
configure:7768: gcc -o conftest -march=core2 -O3 -pipe   conftest.c  >&5
configure:7771: $? = 0
configure:7777: ./conftest
configure:7780: $? = 0
configure:7803: result: 4
configure:7813: checking for long long
configure:7843: gcc -c -march=core2 -O3 -pipe  conftest.c >&5
configure:7849: $? = 0
configure:7864: result: yes
configure:7871: checking size of long long
configure:8173: gcc -o conftest -march=core2 -O3 -pipe   conftest.c  >&5
configure:8176: $? = 0
configure:8182: ./conftest
configure:8185: $? = 0
configure:8208: result: 8
configure:8222: checking for sendmail
configure:8254: result: /usr/sbin/sendmail
configure:8270: checking whether to build with GPGME support
configure:8282: result: yes
configure:8297: checking for gpgme-config
configure:8315: found /usr/bin/gpgme-config
configure:8328: result: /usr/bin/gpgme-config
configure:8356: checking for GPGME - version >= 1.0.0
configure:8397: result: yes
configure:8428: checking for GPGME - version >= 1.1.1
configure:8469: result: yes
configure:8496: checking for GPGME - version >= 1.0.0
configure:8537: result: yes
configure:8630: checking for ispell
configure:8648: found /usr/bin/ispell
configure:8661: result: /usr/bin/ispell
configure:8680: checking if this is a BSD system
configure:8712: gcc -o conftest -march=core2 -O3 -pipe   conftest.c  >&5
configure:8715: $? = 0
configure:8721: ./conftest
configure:8724: $? = 1
configure: program exited with status 1
configure: failed program was:
| /* confdefs.h.  */
| #define PACKAGE_NAME ""
| #define PACKAGE_TARNAME ""
| #define PACKAGE_VERSION ""
| #define PACKAGE_STRING ""
| #define PACKAGE_BUGREPORT ""
| #define PACKAGE "mutt"
| #define VERSION "1.5.19"
| #define _GNU_SOURCE 1
| #define PROTOTYPES 1
| #define __PROTOTYPES 1
| #define STDC_HEADERS 1
| #define HAVE_SYS_TYPES_H 1
| #define HAVE_SYS_STAT_H 1
| #define HAVE_STDLIB_H 1
| #define HAVE_STRING_H 1
| #define HAVE_MEMORY_H 1
| #define HAVE_STRINGS_H 1
| #define HAVE_INTTYPES_H 1
| #define HAVE_STDINT_H 1
| #define HAVE_UNISTD_H 1
| #define HAVE_STRING_H 1
| #define _FILE_OFFSET_BITS 64
| #define HAVE_FSEEKO 1
| #define SIZEOF_OFF_T 8
| #define HAVE_INTTYPES_H 1
| #define HAVE_C99_INTTYPES 1
| #define SIZEOF_SHORT 2
| #define SIZEOF_INT 4
| #define SIZEOF_LONG 4
| #define SIZEOF_LONG_LONG 8
| #define SENDMAIL "/usr/sbin/sendmail"
| #define CRYPT_BACKEND_GPGME 1
| #define HAVE_GPGME_PKA_TRUST 1
| #define CRYPT_BACKEND_GPGME 1
| #define CRYPT_BACKEND_CLASSIC_PGP 1
| #define CRYPT_BACKEND_CLASSIC_SMIME 1
| #define ISPELL "/usr/bin/ispell"
| /* end confdefs.h.  */
| #include <sys/param.h>
| #include <stdlib.h>
| 
| main ()
| {
| #ifdef BSD
|         exit (0);
| #else
|         exit (1);
| #endif
| }
configure:8740: result: no
configure:8743: checking for S-Lang
configure:8773: result: /usr
configure:8855: checking for SLtt_get_terminfo in -lslang
configure:8890: gcc -o conftest -march=core2 -O3 -pipe  -I/usr/include  -L/usr/lib conftest.c -lslang -lm  >&5
configure:8896: $? = 0
configure:8914: result: yes
configure:10430: checking for ANSI C header files
configure:10594: result: yes
configure:10623: checking stdarg.h usability
configure:10640: gcc -c -march=core2 -O3 -pipe  -I/usr/include conftest.c >&5
configure:10646: $? = 0
configure:10660: result: yes
configure:10664: checking stdarg.h presence
configure:10679: gcc -E  -I/usr/include conftest.c
configure:10685: $? = 0
configure:10699: result: yes
configure:10727: checking for stdarg.h
configure:10735: result: yes
configure:10623: checking sys/ioctl.h usability
configure:10640: gcc -c -march=core2 -O3 -pipe  -I/usr/include conftest.c >&5
configure:10646: $? = 0
configure:10660: result: yes
configure:10664: checking sys/ioctl.h presence
configure:10679: gcc -E  -I/usr/include conftest.c
configure:10685: $? = 0
configure:10699: result: yes
configure:10727: checking for sys/ioctl.h
configure:10735: result: yes
configure:10623: checking ioctl.h usability
configure:10640: gcc -c -march=core2 -O3 -pipe  -I/usr/include conftest.c >&5
conftest.c:78:19: error: ioctl.h: No such file or directory
configure:10646: $? = 1
configure: failed program was:
| /* confdefs.h.  */
| #define PACKAGE_NAME ""
| #define PACKAGE_TARNAME ""
| #define PACKAGE_VERSION ""
| #define PACKAGE_STRING ""
| #define PACKAGE_BUGREPORT ""
| #define PACKAGE "mutt"
| #define VERSION "1.5.19"
| #define _GNU_SOURCE 1
| #define PROTOTYPES 1
| #define __PROTOTYPES 1
| #define STDC_HEADERS 1
| #define HAVE_SYS_TYPES_H 1
| #define HAVE_SYS_STAT_H 1
| #define HAVE_STDLIB_H 1
| #define HAVE_STRING_H 1
| #define HAVE_MEMORY_H 1
| #define HAVE_STRINGS_H 1
| #define HAVE_INTTYPES_H 1
| #define HAVE_STDINT_H 1
| #define HAVE_UNISTD_H 1
| #define HAVE_STRING_H 1
| #define _FILE_OFFSET_BITS 64
| #define HAVE_FSEEKO 1
| #define SIZEOF_OFF_T 8
| #define HAVE_INTTYPES_H 1
| #define HAVE_C99_INTTYPES 1
| #define SIZEOF_SHORT 2
| #define SIZEOF_INT 4
| #define SIZEOF_LONG 4
| #define SIZEOF_LONG_LONG 8
| #define SENDMAIL "/usr/sbin/sendmail"
| #define CRYPT_BACKEND_GPGME 1
| #define HAVE_GPGME_PKA_TRUST 1
| #define CRYPT_BACKEND_GPGME 1
| #define CRYPT_BACKEND_CLASSIC_PGP 1
| #define CRYPT_BACKEND_CLASSIC_SMIME 1
| #define ISPELL "/usr/bin/ispell"
| #define USE_SLANG_CURSES 1
| #define HAVE_COLOR 1
| #define STDC_HEADERS 1
| #define HAVE_STDARG_H 1
| #define HAVE_SYS_IOCTL_H 1
| /* end confdefs.h.  */
| #include <stdio.h>
| #ifdef HAVE_SYS_TYPES_H
| # include <sys/types.h>
| #endif
| #ifdef HAVE_SYS_STAT_H
| # include <sys/stat.h>
| #endif
| #ifdef STDC_HEADERS
| # include <stdlib.h>
| # include <stddef.h>
| #else
| # ifdef HAVE_STDLIB_H
| #  include <stdlib.h>
| # endif
| #endif
| #ifdef HAVE_STRING_H
| # if !defined STDC_HEADERS && defined HAVE_MEMORY_H
| #  include <memory.h>
| # endif
| # include <string.h>
| #endif
| #ifdef HAVE_STRINGS_H
| # include <strings.h>
| #endif
| #ifdef HAVE_INTTYPES_H
| # include <inttypes.h>
| #endif
| #ifdef HAVE_STDINT_H
| # include <stdint.h>
| #endif
| #ifdef HAVE_UNISTD_H
| # include <unistd.h>
| #endif
| #include <ioctl.h>
configure:10660: result: no
configure:10664: checking ioctl.h presence
configure:10679: gcc -E  -I/usr/include conftest.c
conftest.c:45:19: error: ioctl.h: No such file or directory
configure:10685: $? = 1
configure: failed program was:
| /* confdefs.h.  */
| #define PACKAGE_NAME ""
| #define PACKAGE_TARNAME ""
| #define PACKAGE_VERSION ""
| #define PACKAGE_STRING ""
| #define PACKAGE_BUGREPORT ""
| #define PACKAGE "mutt"
| #define VERSION "1.5.19"
| #define _GNU_SOURCE 1
| #define PROTOTYPES 1
| #define __PROTOTYPES 1
| #define STDC_HEADERS 1
| #define HAVE_SYS_TYPES_H 1
| #define HAVE_SYS_STAT_H 1
| #define HAVE_STDLIB_H 1
| #define HAVE_STRING_H 1
| #define HAVE_MEMORY_H 1
| #define HAVE_STRINGS_H 1
| #define HAVE_INTTYPES_H 1
| #define HAVE_STDINT_H 1
| #define HAVE_UNISTD_H 1
| #define HAVE_STRING_H 1
| #define _FILE_OFFSET_BITS 64
| #define HAVE_FSEEKO 1
| #define SIZEOF_OFF_T 8
| #define HAVE_INTTYPES_H 1
| #define HAVE_C99_INTTYPES 1
| #define SIZEOF_SHORT 2
| #define SIZEOF_INT 4
| #define SIZEOF_LONG 4
| #define SIZEOF_LONG_LONG 8
| #define SENDMAIL "/usr/sbin/sendmail"
| #define CRYPT_BACKEND_GPGME 1
| #define HAVE_GPGME_PKA_TRUST 1
| #define CRYPT_BACKEND_GPGME 1
| #define CRYPT_BACKEND_CLASSIC_PGP 1
| #define CRYPT_BACKEND_CLASSIC_SMIME 1
| #define ISPELL "/usr/bin/ispell"
| #define USE_SLANG_CURSES 1
| #define HAVE_COLOR 1
| #define STDC_HEADERS 1
| #define HAVE_STDARG_H 1
| #define HAVE_SYS_IOCTL_H 1
| /* end confdefs.h.  */
| #include <ioctl.h>
configure:10699: result: no
configure:10727: checking for ioctl.h
configure:10735: result: no
configure:10623: checking sysexits.h usability
configure:10640: gcc -c -march=core2 -O3 -pipe  -I/usr/include conftest.c >&5
configure:10646: $? = 0
configure:10660: result: yes
configure:10664: checking sysexits.h presence
configure:10679: gcc -E  -I/usr/include conftest.c
configure:10685: $? = 0
configure:10699: result: yes
configure:10727: checking for sysexits.h
configure:10735: result: yes
configure:10764: checking sys/time.h usability
configure:10781: gcc -c -march=core2 -O3 -pipe  -I/usr/include conftest.c >&5
configure:10787: $? = 0
configure:10801: result: yes
configure:10805: checking sys/time.h presence
configure:10820: gcc -E  -I/usr/include conftest.c
configure:10826: $? = 0
configure:10840: result: yes
configure:10868: checking for sys/time.h
configure:10876: result: yes
configure:10764: checking sys/resource.h usability
configure:10781: gcc -c -march=core2 -O3 -pipe  -I/usr/include conftest.c >&5
configure:10787: $? = 0
configure:10801: result: yes
configure:10805: checking sys/resource.h presence
configure:10820: gcc -E  -I/usr/include conftest.c
configure:10826: $? = 0
configure:10840: result: yes
configure:10868: checking for sys/resource.h
configure:10876: result: yes
configure:10904: checking unix.h usability
configure:10921: gcc -c -march=core2 -O3 -pipe  -I/usr/include conftest.c >&5
conftest.c:81:18: error: unix.h: No such file or directory
configure:10927: $? = 1
configure: failed program was:
| /* confdefs.h.  */
| #define PACKAGE_NAME ""
| #define PACKAGE_TARNAME ""
| #define PACKAGE_VERSION ""
| #define PACKAGE_STRING ""
| #define PACKAGE_BUGREPORT ""
| #define PACKAGE "mutt"
| #define VERSION "1.5.19"
| #define _GNU_SOURCE 1
| #define PROTOTYPES 1
| #define __PROTOTYPES 1
| #define STDC_HEADERS 1
| #define HAVE_SYS_TYPES_H 1
| #define HAVE_SYS_STAT_H 1
| #define HAVE_STDLIB_H 1
| #define HAVE_STRING_H 1
| #define HAVE_MEMORY_H 1
| #define HAVE_STRINGS_H 1
| #define HAVE_INTTYPES_H 1
| #define HAVE_STDINT_H 1
| #define HAVE_UNISTD_H 1
| #define HAVE_STRING_H 1
| #define _FILE_OFFSET_BITS 64
| #define HAVE_FSEEKO 1
| #define SIZEOF_OFF_T 8
| #define HAVE_INTTYPES_H 1
| #define HAVE_C99_INTTYPES 1
| #define SIZEOF_SHORT 2
| #define SIZEOF_INT 4
| #define SIZEOF_LONG 4
| #define SIZEOF_LONG_LONG 8
| #define SENDMAIL "/usr/sbin/sendmail"
| #define CRYPT_BACKEND_GPGME 1
| #define HAVE_GPGME_PKA_TRUST 1
| #define CRYPT_BACKEND_GPGME 1
| #define CRYPT_BACKEND_CLASSIC_PGP 1
| #define CRYPT_BACKEND_CLASSIC_SMIME 1
| #define ISPELL "/usr/bin/ispell"
| #define USE_SLANG_CURSES 1
| #define HAVE_COLOR 1
| #define STDC_HEADERS 1
| #define HAVE_STDARG_H 1
| #define HAVE_SYS_IOCTL_H 1
| #define HAVE_SYSEXITS_H 1
| #define HAVE_SYS_TIME_H 1
| #define HAVE_SYS_RESOURCE_H 1
| /* end confdefs.h.  */
| #include <stdio.h>
| #ifdef HAVE_SYS_TYPES_H
| # include <sys/types.h>
| #endif
| #ifdef HAVE_SYS_STAT_H
| # include <sys/stat.h>
| #endif
| #ifdef STDC_HEADERS
| # include <stdlib.h>
| # include <stddef.h>
| #else
| # ifdef HAVE_STDLIB_H
| #  include <stdlib.h>
| # endif
| #endif
| #ifdef HAVE_STRING_H
| # if !defined STDC_HEADERS && defined HAVE_MEMORY_H
| #  include <memory.h>
| # endif
| # include <string.h>
| #endif
| #ifdef HAVE_STRINGS_H
| # include <strings.h>
| #endif
| #ifdef HAVE_INTTYPES_H
| # include <inttypes.h>
| #endif
| #ifdef HAVE_STDINT_H
| # include <stdint.h>
| #endif
| #ifdef HAVE_UNISTD_H
| # include <unistd.h>
| #endif
| #include <unix.h>
configure:10941: result: no
configure:10945: checking unix.h presence
configure:10960: gcc -E  -I/usr/include conftest.c
conftest.c:48:18: error: unix.h: No such file or directory
configure:10966: $? = 1
configure: failed program was:
| /* confdefs.h.  */
| #define PACKAGE_NAME ""
| #define PACKAGE_TARNAME ""
| #define PACKAGE_VERSION ""
| #define PACKAGE_STRING ""
| #define PACKAGE_BUGREPORT ""
| #define PACKAGE "mutt"
| #define VERSION "1.5.19"
| #define _GNU_SOURCE 1
| #define PROTOTYPES 1
| #define __PROTOTYPES 1
| #define STDC_HEADERS 1
| #define HAVE_SYS_TYPES_H 1
| #define HAVE_SYS_STAT_H 1
| #define HAVE_STDLIB_H 1
| #define HAVE_STRING_H 1
| #define HAVE_MEMORY_H 1
| #define HAVE_STRINGS_H 1
| #define HAVE_INTTYPES_H 1
| #define HAVE_STDINT_H 1
| #define HAVE_UNISTD_H 1
| #define HAVE_STRING_H 1
| #define _FILE_OFFSET_BITS 64
| #define HAVE_FSEEKO 1
| #define SIZEOF_OFF_T 8
| #define HAVE_INTTYPES_H 1
| #define HAVE_C99_INTTYPES 1
| #define SIZEOF_SHORT 2
| #define SIZEOF_INT 4
| #define SIZEOF_LONG 4
| #define SIZEOF_LONG_LONG 8
| #define SENDMAIL "/usr/sbin/sendmail"
| #define CRYPT_BACKEND_GPGME 1
| #define HAVE_GPGME_PKA_TRUST 1
| #define CRYPT_BACKEND_GPGME 1
| #define CRYPT_BACKEND_CLASSIC_PGP 1
| #define CRYPT_BACKEND_CLASSIC_SMIME 1
| #define ISPELL "/usr/bin/ispell"
| #define USE_SLANG_CURSES 1
| #define HAVE_COLOR 1
| #define STDC_HEADERS 1
| #define HAVE_STDARG_H 1
| #define HAVE_SYS_IOCTL_H 1
| #define HAVE_SYSEXITS_H 1
| #define HAVE_SYS_TIME_H 1
| #define HAVE_SYS_RESOURCE_H 1
| /* end confdefs.h.  */
| #include <unix.h>
configure:10980: result: no
configure:11008: checking for unix.h
configure:11016: result: no
configure:11035: checking for setrlimit
configure:11091: gcc -o conftest -march=core2 -O3 -pipe  -I/usr/include  -L/usr/lib conftest.c  >&5
configure:11097: $? = 0
configure:11115: result: yes
configure:11035: checking for getsid
configure:11091: gcc -o conftest -march=core2 -O3 -pipe  -I/usr/include  -L/usr/lib conftest.c  >&5
configure:11097: $? = 0
configure:11115: result: yes
configure:11126: checking return type of signal handlers
configure:11154: gcc -c -march=core2 -O3 -pipe  -I/usr/include conftest.c >&5
conftest.c: In function 'main':
conftest.c:56: error: void value not ignored as it ought to be
configure:11160: $? = 1
configure: failed program was:
| /* confdefs.h.  */
| #define PACKAGE_NAME ""
| #define PACKAGE_TARNAME ""
| #define PACKAGE_VERSION ""
| #define PACKAGE_STRING ""
| #define PACKAGE_BUGREPORT ""
| #define PACKAGE "mutt"
| #define VERSION "1.5.19"
| #define _GNU_SOURCE 1
| #define PROTOTYPES 1
| #define __PROTOTYPES 1
| #define STDC_HEADERS 1
| #define HAVE_SYS_TYPES_H 1
| #define HAVE_SYS_STAT_H 1
| #define HAVE_STDLIB_H 1
| #define HAVE_STRING_H 1
| #define HAVE_MEMORY_H 1
| #define HAVE_STRINGS_H 1
| #define HAVE_INTTYPES_H 1
| #define HAVE_STDINT_H 1
| #define HAVE_UNISTD_H 1
| #define HAVE_STRING_H 1
| #define _FILE_OFFSET_BITS 64
| #define HAVE_FSEEKO 1
| #define SIZEOF_OFF_T 8
| #define HAVE_INTTYPES_H 1
| #define HAVE_C99_INTTYPES 1
| #define SIZEOF_SHORT 2
| #define SIZEOF_INT 4
| #define SIZEOF_LONG 4
| #define SIZEOF_LONG_LONG 8
| #define SENDMAIL "/usr/sbin/sendmail"
| #define CRYPT_BACKEND_GPGME 1
| #define HAVE_GPGME_PKA_TRUST 1
| #define CRYPT_BACKEND_GPGME 1
| #define CRYPT_BACKEND_CLASSIC_PGP 1
| #define CRYPT_BACKEND_CLASSIC_SMIME 1
| #define ISPELL "/usr/bin/ispell"
| #define USE_SLANG_CURSES 1
| #define HAVE_COLOR 1
| #define STDC_HEADERS 1
| #define HAVE_STDARG_H 1
| #define HAVE_SYS_IOCTL_H 1
| #define HAVE_SYSEXITS_H 1
| #define HAVE_SYS_TIME_H 1
| #define HAVE_SYS_RESOURCE_H 1
| #define HAVE_SETRLIMIT 1
| #define HAVE_GETSID 1
| /* end confdefs.h.  */
| #include <sys/types.h>
| #include <signal.h>
| 
| int
| main ()
| {
| return *(signal (0, 0)) (0) == 1;
|   ;
|   return 0;
| }
configure:11175: result: void
configure:11184: checking for sig_atomic_t in signal.h
configure:11218: result: yes, non volatile
configure:11310: checking whether sys_siglist is declared
configure:11345: gcc -c -march=core2 -O3 -pipe  -I/usr/include conftest.c >&5
configure:11351: $? = 0
configure:11366: result: yes
configure:11386: checking for pid_t
configure:11416: gcc -c -march=core2 -O3 -pipe  -I/usr/include conftest.c >&5
configure:11422: $? = 0
configure:11437: result: yes
configure:11449: checking for ssize_t
configure:11479: gcc -c -march=core2 -O3 -pipe  -I/usr/include conftest.c >&5
configure:11485: $? = 0
configure:11500: result: yes
configure:11521: checking for fgetpos
configure:11577: gcc -o conftest -march=core2 -O3 -pipe  -I/usr/include  -L/usr/lib conftest.c  >&5
configure:11583: $? = 0
configure:11601: result: yes
configure:11521: checking for memmove
configure:11577: gcc -o conftest -march=core2 -O3 -pipe  -I/usr/include  -L/usr/lib conftest.c  >&5
conftest.c:77: warning: conflicting types for built-in function 'memmove'
configure:11583: $? = 0
configure:11601: result: yes
configure:11521: checking for setegid
configure:11577: gcc -o conftest -march=core2 -O3 -pipe  -I/usr/include  -L/usr/lib conftest.c  >&5
configure:11583: $? = 0
configure:11601: result: yes
configure:11521: checking for srand48
configure:11577: gcc -o conftest -march=core2 -O3 -pipe  -I/usr/include  -L/usr/lib conftest.c  >&5
configure:11583: $? = 0
configure:11601: result: yes
configure:11521: checking for strerror
configure:11577: gcc -o conftest -march=core2 -O3 -pipe  -I/usr/include  -L/usr/lib conftest.c  >&5
configure:11583: $? = 0
configure:11601: result: yes
configure:11620: checking for setenv
configure:11676: gcc -o conftest -march=core2 -O3 -pipe  -I/usr/include  -L/usr/lib conftest.c  >&5
configure:11682: $? = 0
configure:11700: result: yes
configure:11620: checking for strcasecmp
configure:11676: gcc -o conftest -march=core2 -O3 -pipe  -I/usr/include  -L/usr/lib conftest.c  >&5
conftest.c:82: warning: conflicting types for built-in function 'strcasecmp'
configure:11682: $? = 0
configure:11700: result: yes
configure:11620: checking for strdup
configure:11676: gcc -o conftest -march=core2 -O3 -pipe  -I/usr/include  -L/usr/lib conftest.c  >&5
conftest.c:83: warning: conflicting types for built-in function 'strdup'
configure:11682: $? = 0
configure:11700: result: yes
configure:11620: checking for strsep
configure:11676: gcc -o conftest -march=core2 -O3 -pipe  -I/usr/include  -L/usr/lib conftest.c  >&5
configure:11682: $? = 0
configure:11700: result: yes
configure:11620: checking for strtok_r
configure:11676: gcc -o conftest -march=core2 -O3 -pipe  -I/usr/include  -L/usr/lib conftest.c  >&5
configure:11682: $? = 0
configure:11700: result: yes
configure:11719: checking for getopt
configure:11775: gcc -o conftest -march=core2 -O3 -pipe  -I/usr/include  -L/usr/lib conftest.c  >&5
configure:11781: $? = 0
configure:11798: result: yes
configure:11817: checking getopt.h usability
configure:11834: gcc -c -march=core2 -O3 -pipe  -I/usr/include conftest.c >&5
configure:11840: $? = 0
configure:11854: result: yes
configure:11858: checking getopt.h presence
configure:11873: gcc -E  -I/usr/include conftest.c
configure:11879: $? = 0
configure:11893: result: yes
configure:11921: checking for getopt.h
configure:11929: result: yes
configure:11945: checking for snprintf
configure:12001: gcc -o conftest -march=core2 -O3 -pipe  -I/usr/include  -L/usr/lib conftest.c  >&5
conftest.c:87: warning: conflicting types for built-in function 'snprintf'
configure:12007: $? = 0
configure:12024: result: yes
configure:12032: checking for vsnprintf
configure:12088: gcc -o conftest -march=core2 -O3 -pipe  -I/usr/include  -L/usr/lib conftest.c  >&5
conftest.c:87: warning: conflicting types for built-in function 'vsnprintf'
configure:12094: $? = 0
configure:12111: result: yes
configure:12120: checking whether your system's snprintf is C99 compliant
configure:12150: gcc -o conftest -march=core2 -O3 -pipe  -I/usr/include  -L/usr/lib conftest.c  >&5
configure:12153: $? = 0
configure:12159: ./conftest
configure:12162: $? = 0
configure:12178: result: yes
configure:12184: checking whether your system's vsnprintf is C99 compliant
configure:12224: gcc -o conftest -march=core2 -O3 -pipe  -I/usr/include  -L/usr/lib conftest.c  >&5
configure:12227: $? = 0
configure:12233: ./conftest
configure:12236: $? = 0
configure:12252: result: yes
configure:12280: checking for va_copy
configure:12303: gcc -o conftest -march=core2 -O3 -pipe  -I/usr/include  -L/usr/lib conftest.c  >&5
configure:12309: $? = 0
configure:12315: result: va_copy
configure:12388: checking for ftruncate
configure:12444: gcc -o conftest -march=core2 -O3 -pipe  -I/usr/include  -L/usr/lib conftest.c  >&5
configure:12450: $? = 0
configure:12468: result: yes
configure:12555: checking for strftime
configure:12611: gcc -o conftest -march=core2 -O3 -pipe  -I/usr/include  -L/usr/lib conftest.c  >&5
conftest.c:90: warning: conflicting types for built-in function 'strftime'
configure:12617: $? = 0
configure:12635: result: yes
configure:12722: checking for fchdir
configure:12778: gcc -o conftest -march=core2 -O3 -pipe  -I/usr/include  -L/usr/lib conftest.c  >&5
configure:12784: $? = 0
configure:12802: result: yes
configure:13028: checking where new mail is stored
configure:13044: result: /var/mail
configure:13060: checking if /var/mail is world writable
configure:13093: gcc -o conftest -march=core2 -O3 -pipe  -I/usr/include  -L/usr/lib conftest.c  >&5
configure:13096: $? = 0
configure:13102: ./conftest
configure:13105: $? = 0
configure:13121: result: yes
configure:13239: checking where to put the documentation
configure:13249: result: ${datarootdir}/doc/mutt
configure:13362: checking sys/select.h usability
configure:13379: gcc -c -march=core2 -O3 -pipe  -I/usr/include conftest.c >&5
configure:13385: $? = 0
configure:13399: result: yes
configure:13403: checking sys/select.h presence
configure:13418: gcc -E  -I/usr/include conftest.c
configure:13424: $? = 0
configure:13438: result: yes
configure:13466: checking for sys/select.h
configure:13474: result: yes
configure:13487: checking for socklen_t
configure:13500: result: yes
configure:13513: checking for gethostent
configure:13569: gcc -o conftest -march=core2 -O3 -pipe  -I/usr/include  -L/usr/lib conftest.c  >&5
configure:13575: $? = 0
configure:13592: result: yes
configure:13670: checking for setsockopt
configure:13726: gcc -o conftest -march=core2 -O3 -pipe  -I/usr/include  -L/usr/lib conftest.c  >&5
configure:13732: $? = 0
configure:13749: result: yes
configure:13831: checking for getaddrinfo
configure:13887: gcc -o conftest -march=core2 -O3 -pipe  -I/usr/include  -L/usr/lib conftest.c  >&5
configure:13893: $? = 0
configure:13911: result: yes
configure:14362: checking for deflate in -lz
configure:14397: gcc -o conftest -march=core2 -O3 -pipe  -I/usr/include -I/usr/include  -L/usr/lib -L/usr/lib conftest.c -lz   >&5
configure:14403: $? = 0
configure:14421: result: yes
configure:14427: checking for X509_new in -lcrypto
configure:14462: gcc -o conftest -march=core2 -O3 -pipe  -I/usr/include -I/usr/include  -L/usr/lib -L/usr/lib conftest.c -lcrypto -lz  >&5
configure:14468: $? = 0
configure:14486: result: yes
configure:14493: checking for SSL_new in -lssl
configure:14528: gcc -o conftest -march=core2 -O3 -pipe  -I/usr/include -I/usr/include  -L/usr/lib -L/usr/lib conftest.c -lssl -lcrypto -lz  >&5
configure:14534: $? = 0
configure:14552: result: yes
configure:14574: checking for RAND_status
configure:14630: gcc -o conftest -march=core2 -O3 -pipe  -I/usr/include -I/usr/include  -L/usr/lib -L/usr/lib conftest.c -lssl  -lcrypto -lz >&5
configure:14636: $? = 0
configure:14654: result: yes
configure:14574: checking for RAND_egd
configure:14630: gcc -o conftest -march=core2 -O3 -pipe  -I/usr/include -I/usr/include  -L/usr/lib -L/usr/lib conftest.c -lssl  -lcrypto -lz >&5
configure:14636: $? = 0
configure:14654: result: yes
configure:15155: checking for sasl_client_init in -lsasl2
configure:15190: gcc -o conftest -march=core2 -O3 -pipe  -I/usr/include -I/usr/include  -L/usr/lib -L/usr/lib conftest.c -lsasl2   >&5
configure:15196: $? = 0
configure:15214: result: yes
configure:15293: checking whether struct dirent defines d_ino
configure:15317: gcc -o conftest -march=core2 -O3 -pipe  -I/usr/include -I/usr/include  -L/usr/lib -L/usr/lib conftest.c  >&5
configure:15323: $? = 0
configure:15346: result: yes
configure:15538: checking tcbdb.h usability
configure:15555: gcc -c -Wall -pedantic -Wno-long-long -march=core2 -O3 -pipe  -I/usr/include -I/usr/include conftest.c >&5
conftest.c:122:19: error: tcbdb.h: No such file or directory
configure:15561: $? = 1
configure: failed program was:
| /* confdefs.h.  */
| #define PACKAGE_NAME ""
| #define PACKAGE_TARNAME ""
| #define PACKAGE_VERSION ""
| #define PACKAGE_STRING ""
| #define PACKAGE_BUGREPORT ""
| #define PACKAGE "mutt"
| #define VERSION "1.5.19"
| #define _GNU_SOURCE 1
| #define PROTOTYPES 1
| #define __PROTOTYPES 1
| #define STDC_HEADERS 1
| #define HAVE_SYS_TYPES_H 1
| #define HAVE_SYS_STAT_H 1
| #define HAVE_STDLIB_H 1
| #define HAVE_STRING_H 1
| #define HAVE_MEMORY_H 1
| #define HAVE_STRINGS_H 1
| #define HAVE_INTTYPES_H 1
| #define HAVE_STDINT_H 1
| #define HAVE_UNISTD_H 1
| #define HAVE_STRING_H 1
| #define _FILE_OFFSET_BITS 64
| #define HAVE_FSEEKO 1
| #define SIZEOF_OFF_T 8
| #define HAVE_INTTYPES_H 1
| #define HAVE_C99_INTTYPES 1
| #define SIZEOF_SHORT 2
| #define SIZEOF_INT 4
| #define SIZEOF_LONG 4
| #define SIZEOF_LONG_LONG 8
| #define SENDMAIL "/usr/sbin/sendmail"
| #define CRYPT_BACKEND_GPGME 1
| #define HAVE_GPGME_PKA_TRUST 1
| #define CRYPT_BACKEND_GPGME 1
| #define CRYPT_BACKEND_CLASSIC_PGP 1
| #define CRYPT_BACKEND_CLASSIC_SMIME 1
| #define ISPELL "/usr/bin/ispell"
| #define USE_SLANG_CURSES 1
| #define HAVE_COLOR 1
| #define STDC_HEADERS 1
| #define HAVE_STDARG_H 1
| #define HAVE_SYS_IOCTL_H 1
| #define HAVE_SYSEXITS_H 1
| #define HAVE_SYS_TIME_H 1
| #define HAVE_SYS_RESOURCE_H 1
| #define HAVE_SETRLIMIT 1
| #define HAVE_GETSID 1
| #define RETSIGTYPE void
| #define SIG_ATOMIC_VOLATILE_T volatile sig_atomic_t
| #define HAVE_DECL_SYS_SIGLIST 1
| #define HAVE_FGETPOS 1
| #define HAVE_MEMMOVE 1
| #define HAVE_SETEGID 1
| #define HAVE_SRAND48 1
| #define HAVE_STRERROR 1
| #define HAVE_SETENV 1
| #define HAVE_STRCASECMP 1
| #define HAVE_STRDUP 1
| #define HAVE_STRSEP 1
| #define HAVE_STRTOK_R 1
| #define HAVE_GETOPT_H 1
| #define HAVE_SNPRINTF 1
| #define HAVE_VSNPRINTF 1
| #define HAVE_FTRUNCATE 1
| #define HAVE_STRFTIME 1
| #define HAVE_FCHDIR 1
| #define USE_GNU_REGEX 1
| #define MAILPATH "/var/mail"
| #define USE_DOTLOCK 1
| #define USE_POP 1
| #define USE_IMAP 1
| #define USE_SMTP 1
| #define HAVE_SYS_SELECT_H 1
| #define HAVE_GETADDRINFO 1
| #define USE_SOCKET 1
| #define HAVE_LIBSSL 1
| #define HAVE_RAND_STATUS 1
| #define HAVE_RAND_EGD 1
| #define USE_SSL 1
| #define USE_SSL_OPENSSL 1
| #define HAVE_LIBSASL2 1
| #define USE_SASL 1
| #define USE_FCNTL 1
| #define HAVE_DIRENT_D_INO 1
| #define EXECSHELL "/bin/sh"
| #define USE_HCACHE 1
| /* end confdefs.h.  */
| #include <stdio.h>
| #ifdef HAVE_SYS_TYPES_H
| # include <sys/types.h>
| #endif
| #ifdef HAVE_SYS_STAT_H
| # include <sys/stat.h>
| #endif
| #ifdef STDC_HEADERS
| # include <stdlib.h>
| # include <stddef.h>
| #else
| # ifdef HAVE_STDLIB_H
| #  include <stdlib.h>
| # endif
| #endif
| #ifdef HAVE_STRING_H
| # if !defined STDC_HEADERS && defined HAVE_MEMORY_H
| #  include <memory.h>
| # endif
| # include <string.h>
| #endif
| #ifdef HAVE_STRINGS_H
| # include <strings.h>
| #endif
| #ifdef HAVE_INTTYPES_H
| # include <inttypes.h>
| #endif
| #ifdef HAVE_STDINT_H
| # include <stdint.h>
| #endif
| #ifdef HAVE_UNISTD_H
| # include <unistd.h>
| #endif
| #include <tcbdb.h>
configure:15575: result: no
configure:15579: checking tcbdb.h presence
configure:15594: gcc -E  -I/usr/include -I/usr/include conftest.c
conftest.c:89:19: error: tcbdb.h: No such file or directory
configure:15600: $? = 1
configure: failed program was:
| /* confdefs.h.  */
| #define PACKAGE_NAME ""
| #define PACKAGE_TARNAME ""
| #define PACKAGE_VERSION ""
| #define PACKAGE_STRING ""
| #define PACKAGE_BUGREPORT ""
| #define PACKAGE "mutt"
| #define VERSION "1.5.19"
| #define _GNU_SOURCE 1
| #define PROTOTYPES 1
| #define __PROTOTYPES 1
| #define STDC_HEADERS 1
| #define HAVE_SYS_TYPES_H 1
| #define HAVE_SYS_STAT_H 1
| #define HAVE_STDLIB_H 1
| #define HAVE_STRING_H 1
| #define HAVE_MEMORY_H 1
| #define HAVE_STRINGS_H 1
| #define HAVE_INTTYPES_H 1
| #define HAVE_STDINT_H 1
| #define HAVE_UNISTD_H 1
| #define HAVE_STRING_H 1
| #define _FILE_OFFSET_BITS 64
| #define HAVE_FSEEKO 1
| #define SIZEOF_OFF_T 8
| #define HAVE_INTTYPES_H 1
| #define HAVE_C99_INTTYPES 1
| #define SIZEOF_SHORT 2
| #define SIZEOF_INT 4
| #define SIZEOF_LONG 4
| #define SIZEOF_LONG_LONG 8
| #define SENDMAIL "/usr/sbin/sendmail"
| #define CRYPT_BACKEND_GPGME 1
| #define HAVE_GPGME_PKA_TRUST 1
| #define CRYPT_BACKEND_GPGME 1
| #define CRYPT_BACKEND_CLASSIC_PGP 1
| #define CRYPT_BACKEND_CLASSIC_SMIME 1
| #define ISPELL "/usr/bin/ispell"
| #define USE_SLANG_CURSES 1
| #define HAVE_COLOR 1
| #define STDC_HEADERS 1
| #define HAVE_STDARG_H 1
| #define HAVE_SYS_IOCTL_H 1
| #define HAVE_SYSEXITS_H 1
| #define HAVE_SYS_TIME_H 1
| #define HAVE_SYS_RESOURCE_H 1
| #define HAVE_SETRLIMIT 1
| #define HAVE_GETSID 1
| #define RETSIGTYPE void
| #define SIG_ATOMIC_VOLATILE_T volatile sig_atomic_t
| #define HAVE_DECL_SYS_SIGLIST 1
| #define HAVE_FGETPOS 1
| #define HAVE_MEMMOVE 1
| #define HAVE_SETEGID 1
| #define HAVE_SRAND48 1
| #define HAVE_STRERROR 1
| #define HAVE_SETENV 1
| #define HAVE_STRCASECMP 1
| #define HAVE_STRDUP 1
| #define HAVE_STRSEP 1
| #define HAVE_STRTOK_R 1
| #define HAVE_GETOPT_H 1
| #define HAVE_SNPRINTF 1
| #define HAVE_VSNPRINTF 1
| #define HAVE_FTRUNCATE 1
| #define HAVE_STRFTIME 1
| #define HAVE_FCHDIR 1
| #define USE_GNU_REGEX 1
| #define MAILPATH "/var/mail"
| #define USE_DOTLOCK 1
| #define USE_POP 1
| #define USE_IMAP 1
| #define USE_SMTP 1
| #define HAVE_SYS_SELECT_H 1
| #define HAVE_GETADDRINFO 1
| #define USE_SOCKET 1
| #define HAVE_LIBSSL 1
| #define HAVE_RAND_STATUS 1
| #define HAVE_RAND_EGD 1
| #define USE_SSL 1
| #define USE_SSL_OPENSSL 1
| #define HAVE_LIBSASL2 1
| #define USE_SASL 1
| #define USE_FCNTL 1
| #define HAVE_DIRENT_D_INO 1
| #define EXECSHELL "/bin/sh"
| #define USE_HCACHE 1
| /* end confdefs.h.  */
| #include <tcbdb.h>
configure:15614: result: no
configure:15642: checking for tcbdb.h
configure:15649: result: no
configure:15772: checking villa.h usability
configure:15789: gcc -c -Wall -pedantic -Wno-long-long -march=core2 -O3 -pipe  -I/usr/include -I/usr/include conftest.c >&5
conftest.c:122:19: error: villa.h: No such file or directory
configure:15795: $? = 1
configure: failed program was:
| /* confdefs.h.  */
| #define PACKAGE_NAME ""
| #define PACKAGE_TARNAME ""
| #define PACKAGE_VERSION ""
| #define PACKAGE_STRING ""
| #define PACKAGE_BUGREPORT ""
| #define PACKAGE "mutt"
| #define VERSION "1.5.19"
| #define _GNU_SOURCE 1
| #define PROTOTYPES 1
| #define __PROTOTYPES 1
| #define STDC_HEADERS 1
| #define HAVE_SYS_TYPES_H 1
| #define HAVE_SYS_STAT_H 1
| #define HAVE_STDLIB_H 1
| #define HAVE_STRING_H 1
| #define HAVE_MEMORY_H 1
| #define HAVE_STRINGS_H 1
| #define HAVE_INTTYPES_H 1
| #define HAVE_STDINT_H 1
| #define HAVE_UNISTD_H 1
| #define HAVE_STRING_H 1
| #define _FILE_OFFSET_BITS 64
| #define HAVE_FSEEKO 1
| #define SIZEOF_OFF_T 8
| #define HAVE_INTTYPES_H 1
| #define HAVE_C99_INTTYPES 1
| #define SIZEOF_SHORT 2
| #define SIZEOF_INT 4
| #define SIZEOF_LONG 4
| #define SIZEOF_LONG_LONG 8
| #define SENDMAIL "/usr/sbin/sendmail"
| #define CRYPT_BACKEND_GPGME 1
| #define HAVE_GPGME_PKA_TRUST 1
| #define CRYPT_BACKEND_GPGME 1
| #define CRYPT_BACKEND_CLASSIC_PGP 1
| #define CRYPT_BACKEND_CLASSIC_SMIME 1
| #define ISPELL "/usr/bin/ispell"
| #define USE_SLANG_CURSES 1
| #define HAVE_COLOR 1
| #define STDC_HEADERS 1
| #define HAVE_STDARG_H 1
| #define HAVE_SYS_IOCTL_H 1
| #define HAVE_SYSEXITS_H 1
| #define HAVE_SYS_TIME_H 1
| #define HAVE_SYS_RESOURCE_H 1
| #define HAVE_SETRLIMIT 1
| #define HAVE_GETSID 1
| #define RETSIGTYPE void
| #define SIG_ATOMIC_VOLATILE_T volatile sig_atomic_t
| #define HAVE_DECL_SYS_SIGLIST 1
| #define HAVE_FGETPOS 1
| #define HAVE_MEMMOVE 1
| #define HAVE_SETEGID 1
| #define HAVE_SRAND48 1
| #define HAVE_STRERROR 1
| #define HAVE_SETENV 1
| #define HAVE_STRCASECMP 1
| #define HAVE_STRDUP 1
| #define HAVE_STRSEP 1
| #define HAVE_STRTOK_R 1
| #define HAVE_GETOPT_H 1
| #define HAVE_SNPRINTF 1
| #define HAVE_VSNPRINTF 1
| #define HAVE_FTRUNCATE 1
| #define HAVE_STRFTIME 1
| #define HAVE_FCHDIR 1
| #define USE_GNU_REGEX 1
| #define MAILPATH "/var/mail"
| #define USE_DOTLOCK 1
| #define USE_POP 1
| #define USE_IMAP 1
| #define USE_SMTP 1
| #define HAVE_SYS_SELECT_H 1
| #define HAVE_GETADDRINFO 1
| #define USE_SOCKET 1
| #define HAVE_LIBSSL 1
| #define HAVE_RAND_STATUS 1
| #define HAVE_RAND_EGD 1
| #define USE_SSL 1
| #define USE_SSL_OPENSSL 1
| #define HAVE_LIBSASL2 1
| #define USE_SASL 1
| #define USE_FCNTL 1
| #define HAVE_DIRENT_D_INO 1
| #define EXECSHELL "/bin/sh"
| #define USE_HCACHE 1
| /* end confdefs.h.  */
| #include <stdio.h>
| #ifdef HAVE_SYS_TYPES_H
| # include <sys/types.h>
| #endif
| #ifdef HAVE_SYS_STAT_H
| # include <sys/stat.h>
| #endif
| #ifdef STDC_HEADERS
| # include <stdlib.h>
| # include <stddef.h>
| #else
| # ifdef HAVE_STDLIB_H
| #  include <stdlib.h>
| # endif
| #endif
| #ifdef HAVE_STRING_H
| # if !defined STDC_HEADERS && defined HAVE_MEMORY_H
| #  include <memory.h>
| # endif
| # include <string.h>
| #endif
| #ifdef HAVE_STRINGS_H
| # include <strings.h>
| #endif
| #ifdef HAVE_INTTYPES_H
| # include <inttypes.h>
| #endif
| #ifdef HAVE_STDINT_H
| # include <stdint.h>
| #endif
| #ifdef HAVE_UNISTD_H
| # include <unistd.h>
| #endif
| #include <villa.h>
configure:15809: result: no
configure:15813: checking villa.h presence
configure:15828: gcc -E  -I/usr/include -I/usr/include conftest.c
conftest.c:89:19: error: villa.h: No such file or directory
configure:15834: $? = 1
configure: failed program was:
| /* confdefs.h.  */
| #define PACKAGE_NAME ""
| #define PACKAGE_TARNAME ""
| #define PACKAGE_VERSION ""
| #define PACKAGE_STRING ""
| #define PACKAGE_BUGREPORT ""
| #define PACKAGE "mutt"
| #define VERSION "1.5.19"
| #define _GNU_SOURCE 1
| #define PROTOTYPES 1
| #define __PROTOTYPES 1
| #define STDC_HEADERS 1
| #define HAVE_SYS_TYPES_H 1
| #define HAVE_SYS_STAT_H 1
| #define HAVE_STDLIB_H 1
| #define HAVE_STRING_H 1
| #define HAVE_MEMORY_H 1
| #define HAVE_STRINGS_H 1
| #define HAVE_INTTYPES_H 1
| #define HAVE_STDINT_H 1
| #define HAVE_UNISTD_H 1
| #define HAVE_STRING_H 1
| #define _FILE_OFFSET_BITS 64
| #define HAVE_FSEEKO 1
| #define SIZEOF_OFF_T 8
| #define HAVE_INTTYPES_H 1
| #define HAVE_C99_INTTYPES 1
| #define SIZEOF_SHORT 2
| #define SIZEOF_INT 4
| #define SIZEOF_LONG 4
| #define SIZEOF_LONG_LONG 8
| #define SENDMAIL "/usr/sbin/sendmail"
| #define CRYPT_BACKEND_GPGME 1
| #define HAVE_GPGME_PKA_TRUST 1
| #define CRYPT_BACKEND_GPGME 1
| #define CRYPT_BACKEND_CLASSIC_PGP 1
| #define CRYPT_BACKEND_CLASSIC_SMIME 1
| #define ISPELL "/usr/bin/ispell"
| #define USE_SLANG_CURSES 1
| #define HAVE_COLOR 1
| #define STDC_HEADERS 1
| #define HAVE_STDARG_H 1
| #define HAVE_SYS_IOCTL_H 1
| #define HAVE_SYSEXITS_H 1
| #define HAVE_SYS_TIME_H 1
| #define HAVE_SYS_RESOURCE_H 1
| #define HAVE_SETRLIMIT 1
| #define HAVE_GETSID 1
| #define RETSIGTYPE void
| #define SIG_ATOMIC_VOLATILE_T volatile sig_atomic_t
| #define HAVE_DECL_SYS_SIGLIST 1
| #define HAVE_FGETPOS 1
| #define HAVE_MEMMOVE 1
| #define HAVE_SETEGID 1
| #define HAVE_SRAND48 1
| #define HAVE_STRERROR 1
| #define HAVE_SETENV 1
| #define HAVE_STRCASECMP 1
| #define HAVE_STRDUP 1
| #define HAVE_STRSEP 1
| #define HAVE_STRTOK_R 1
| #define HAVE_GETOPT_H 1
| #define HAVE_SNPRINTF 1
| #define HAVE_VSNPRINTF 1
| #define HAVE_FTRUNCATE 1
| #define HAVE_STRFTIME 1
| #define HAVE_FCHDIR 1
| #define USE_GNU_REGEX 1
| #define MAILPATH "/var/mail"
| #define USE_DOTLOCK 1
| #define USE_POP 1
| #define USE_IMAP 1
| #define USE_SMTP 1
| #define HAVE_SYS_SELECT_H 1
| #define HAVE_GETADDRINFO 1
| #define USE_SOCKET 1
| #define HAVE_LIBSSL 1
| #define HAVE_RAND_STATUS 1
| #define HAVE_RAND_EGD 1
| #define USE_SSL 1
| #define USE_SSL_OPENSSL 1
| #define HAVE_LIBSASL2 1
| #define USE_SASL 1
| #define USE_FCNTL 1
| #define HAVE_DIRENT_D_INO 1
| #define EXECSHELL "/bin/sh"
| #define USE_HCACHE 1
| /* end confdefs.h.  */
| #include <villa.h>
configure:15848: result: no
configure:15876: checking for villa.h
configure:15884: result: no
configure:15897: checking for vlopen in -lqdbm
configure:15932: gcc -o conftest -Wall -pedantic -Wno-long-long -march=core2 -O3 -pipe  -I/usr/include -I/usr/include  -L/usr/lib -L/usr/lib conftest.c -lqdbm   >&5
/usr/bin/ld: cannot find -lqdbm
collect2: ld returned 1 exit status
configure:15938: $? = 1
configure: failed program was:
| /* confdefs.h.  */
| #define PACKAGE_NAME ""
| #define PACKAGE_TARNAME ""
| #define PACKAGE_VERSION ""
| #define PACKAGE_STRING ""
| #define PACKAGE_BUGREPORT ""
| #define PACKAGE "mutt"
| #define VERSION "1.5.19"
| #define _GNU_SOURCE 1
| #define PROTOTYPES 1
| #define __PROTOTYPES 1
| #define STDC_HEADERS 1
| #define HAVE_SYS_TYPES_H 1
| #define HAVE_SYS_STAT_H 1
| #define HAVE_STDLIB_H 1
| #define HAVE_STRING_H 1
| #define HAVE_MEMORY_H 1
| #define HAVE_STRINGS_H 1
| #define HAVE_INTTYPES_H 1
| #define HAVE_STDINT_H 1
| #define HAVE_UNISTD_H 1
| #define HAVE_STRING_H 1
| #define _FILE_OFFSET_BITS 64
| #define HAVE_FSEEKO 1
| #define SIZEOF_OFF_T 8
| #define HAVE_INTTYPES_H 1
| #define HAVE_C99_INTTYPES 1
| #define SIZEOF_SHORT 2
| #define SIZEOF_INT 4
| #define SIZEOF_LONG 4
| #define SIZEOF_LONG_LONG 8
| #define SENDMAIL "/usr/sbin/sendmail"
| #define CRYPT_BACKEND_GPGME 1
| #define HAVE_GPGME_PKA_TRUST 1
| #define CRYPT_BACKEND_GPGME 1
| #define CRYPT_BACKEND_CLASSIC_PGP 1
| #define CRYPT_BACKEND_CLASSIC_SMIME 1
| #define ISPELL "/usr/bin/ispell"
| #define USE_SLANG_CURSES 1
| #define HAVE_COLOR 1
| #define STDC_HEADERS 1
| #define HAVE_STDARG_H 1
| #define HAVE_SYS_IOCTL_H 1
| #define HAVE_SYSEXITS_H 1
| #define HAVE_SYS_TIME_H 1
| #define HAVE_SYS_RESOURCE_H 1
| #define HAVE_SETRLIMIT 1
| #define HAVE_GETSID 1
| #define RETSIGTYPE void
| #define SIG_ATOMIC_VOLATILE_T volatile sig_atomic_t
| #define HAVE_DECL_SYS_SIGLIST 1
| #define HAVE_FGETPOS 1
| #define HAVE_MEMMOVE 1
| #define HAVE_SETEGID 1
| #define HAVE_SRAND48 1
| #define HAVE_STRERROR 1
| #define HAVE_SETENV 1
| #define HAVE_STRCASECMP 1
| #define HAVE_STRDUP 1
| #define HAVE_STRSEP 1
| #define HAVE_STRTOK_R 1
| #define HAVE_GETOPT_H 1
| #define HAVE_SNPRINTF 1
| #define HAVE_VSNPRINTF 1
| #define HAVE_FTRUNCATE 1
| #define HAVE_STRFTIME 1
| #define HAVE_FCHDIR 1
| #define USE_GNU_REGEX 1
| #define MAILPATH "/var/mail"
| #define USE_DOTLOCK 1
| #define USE_POP 1
| #define USE_IMAP 1
| #define USE_SMTP 1
| #define HAVE_SYS_SELECT_H 1
| #define HAVE_GETADDRINFO 1
| #define USE_SOCKET 1
| #define HAVE_LIBSSL 1
| #define HAVE_RAND_STATUS 1
| #define HAVE_RAND_EGD 1
| #define USE_SSL 1
| #define USE_SSL_OPENSSL 1
| #define HAVE_LIBSASL2 1
| #define USE_SASL 1
| #define USE_FCNTL 1
| #define HAVE_DIRENT_D_INO 1
| #define EXECSHELL "/bin/sh"
| #define USE_HCACHE 1
| /* end confdefs.h.  */
| 
| /* Override any GCC internal prototype to avoid an error.
|    Use char because int might match the return type of a GCC
|    builtin and then its argument prototype would still apply.  */
| #ifdef __cplusplus
| extern "C"
| #endif
| char vlopen ();
| int
| main ()
| {
| return vlopen ();
|   ;
|   return 0;
| }
configure:15956: result: no
configure:15990: checking for gdbm_open
configure:16018: gcc -o conftest -Wall -pedantic -Wno-long-long -march=core2 -O3 -pipe  -I/usr/include -I/usr/include -I/include  -L/usr/lib -L/usr/lib -L/lib conftest.c  -lgdbm >&5
configure:16024: $? = 0
configure:16042: result: yes
configure:16199: checking for off_t
configure:16250: result: yes
configure:16262: checking for size_t
configure:16292: gcc -c -Wall -pedantic -Wno-long-long -march=core2 -O3 -pipe  -I/usr/include -I/usr/include -I/include conftest.c >&5
configure:16298: $? = 0
configure:16313: result: yes
configure:16327: checking for working alloca.h
configure:16354: gcc -o conftest -Wall -pedantic -Wno-long-long -march=core2 -O3 -pipe  -I/usr/include -I/usr/include -I/include  -L/usr/lib -L/usr/lib -L/lib conftest.c  >&5
configure:16360: $? = 0
configure:16377: result: yes
configure:16387: checking for alloca
configure:16434: gcc -o conftest -Wall -pedantic -Wno-long-long -march=core2 -O3 -pipe  -I/usr/include -I/usr/include -I/include  -L/usr/lib -L/usr/lib -L/lib conftest.c  >&5
configure:16440: $? = 0
configure:16457: result: yes
configure:16690: checking for stdlib.h
configure:16696: result: yes
configure:16690: checking for unistd.h
configure:16696: result: yes
configure:16829: checking for getpagesize
configure:16885: gcc -o conftest -Wall -pedantic -Wno-long-long -march=core2 -O3 -pipe  -I/usr/include -I/usr/include -I/include  -L/usr/lib -L/usr/lib -L/lib conftest.c  >&5
configure:16891: $? = 0
configure:16909: result: yes
configure:16919: checking for working mmap
configure:17066: gcc -o conftest -Wall -pedantic -Wno-long-long -march=core2 -O3 -pipe  -I/usr/include -I/usr/include -I/include  -L/usr/lib -L/usr/lib -L/lib conftest.c  >&5
configure:17069: $? = 0
configure:17075: ./conftest
configure:17078: $? = 0
configure:17094: result: yes
configure:17106: checking whether we are using the GNU C Library 2.1 or newer
configure:17137: result: yes
configure:17169: checking argz.h usability
configure:17186: gcc -c -Wall -pedantic -Wno-long-long -march=core2 -O3 -pipe  -I/usr/include -I/usr/include -I/include conftest.c >&5
configure:17192: $? = 0
configure:17206: result: yes
configure:17210: checking argz.h presence
configure:17225: gcc -E  -I/usr/include -I/usr/include -I/include conftest.c
configure:17231: $? = 0
configure:17245: result: yes
configure:17273: checking for argz.h
configure:17281: result: yes
configure:17169: checking limits.h usability
configure:17186: gcc -c -Wall -pedantic -Wno-long-long -march=core2 -O3 -pipe  -I/usr/include -I/usr/include -I/include conftest.c >&5
configure:17192: $? = 0
configure:17206: result: yes
configure:17210: checking limits.h presence
configure:17225: gcc -E  -I/usr/include -I/usr/include -I/include conftest.c
configure:17231: $? = 0
configure:17245: result: yes
configure:17273: checking for limits.h
configure:17281: result: yes
configure:17169: checking locale.h usability
configure:17186: gcc -c -Wall -pedantic -Wno-long-long -march=core2 -O3 -pipe  -I/usr/include -I/usr/include -I/include conftest.c >&5
configure:17192: $? = 0
configure:17206: result: yes
configure:17210: checking locale.h presence
configure:17225: gcc -E  -I/usr/include -I/usr/include -I/include conftest.c
configure:17231: $? = 0
configure:17245: result: yes
configure:17273: checking for locale.h
configure:17281: result: yes
configure:17169: checking nl_types.h usability
configure:17186: gcc -c -Wall -pedantic -Wno-long-long -march=core2 -O3 -pipe  -I/usr/include -I/usr/include -I/include conftest.c >&5
configure:17192: $? = 0
configure:17206: result: yes
configure:17210: checking nl_types.h presence
configure:17225: gcc -E  -I/usr/include -I/usr/include -I/include conftest.c
configure:17231: $? = 0
configure:17245: result: yes
configure:17273: checking for nl_types.h
configure:17281: result: yes
configure:17169: checking malloc.h usability
configure:17186: gcc -c -Wall -pedantic -Wno-long-long -march=core2 -O3 -pipe  -I/usr/include -I/usr/include -I/include conftest.c >&5
configure:17192: $? = 0
configure:17206: result: yes
configure:17210: checking malloc.h presence
configure:17225: gcc -E  -I/usr/include -I/usr/include -I/include conftest.c
configure:17231: $? = 0
configure:17245: result: yes
configure:17273: checking for malloc.h
configure:17281: result: yes
configure:17169: checking stddef.h usability
configure:17186: gcc -c -Wall -pedantic -Wno-long-long -march=core2 -O3 -pipe  -I/usr/include -I/usr/include -I/include conftest.c >&5
configure:17192: $? = 0
configure:17206: result: yes
configure:17210: checking stddef.h presence
configure:17225: gcc -E  -I/usr/include -I/usr/include -I/include conftest.c
configure:17231: $? = 0
configure:17245: result: yes
configure:17273: checking for stddef.h
configure:17281: result: yes
configure:17159: checking for stdlib.h
configure:17165: result: yes
configure:17159: checking for string.h
configure:17165: result: yes
configure:17159: checking for unistd.h
configure:17165: result: yes
configure:17169: checking sys/param.h usability
configure:17186: gcc -c -Wall -pedantic -Wno-long-long -march=core2 -O3 -pipe  -I/usr/include -I/usr/include -I/include conftest.c >&5
configure:17192: $? = 0
configure:17206: result: yes
configure:17210: checking sys/param.h presence
configure:17225: gcc -E  -I/usr/include -I/usr/include -I/include conftest.c
configure:17231: $? = 0
configure:17245: result: yes
configure:17273: checking for sys/param.h
configure:17281: result: yes
configure:17320: checking for feof_unlocked
configure:17376: gcc -o conftest -Wall -pedantic -Wno-long-long -march=core2 -O3 -pipe  -I/usr/include -I/usr/include -I/include  -L/usr/lib -L/usr/lib -L/lib conftest.c  >&5
configure:17382: $? = 0
configure:17400: result: yes
configure:17320: checking for fgets_unlocked
configure:17376: gcc -o conftest -Wall -pedantic -Wno-long-long -march=core2 -O3 -pipe  -I/usr/include -I/usr/include -I/include  -L/usr/lib -L/usr/lib -L/lib conftest.c  >&5
configure:17382: $? = 0
configure:17400: result: yes
configure:17320: checking for getcwd
configure:17376: gcc -o conftest -Wall -pedantic -Wno-long-long -march=core2 -O3 -pipe  -I/usr/include -I/usr/include -I/include  -L/usr/lib -L/usr/lib -L/lib conftest.c  >&5
configure:17382: $? = 0
configure:17400: result: yes
configure:17320: checking for getegid
configure:17376: gcc -o conftest -Wall -pedantic -Wno-long-long -march=core2 -O3 -pipe  -I/usr/include -I/usr/include -I/include  -L/usr/lib -L/usr/lib -L/lib conftest.c  >&5
configure:17382: $? = 0
configure:17400: result: yes
configure:17320: checking for geteuid
configure:17376: gcc -o conftest -Wall -pedantic -Wno-long-long -march=core2 -O3 -pipe  -I/usr/include -I/usr/include -I/include  -L/usr/lib -L/usr/lib -L/lib conftest.c  >&5
configure:17382: $? = 0
configure:17400: result: yes
configure:17320: checking for getgid
configure:17376: gcc -o conftest -Wall -pedantic -Wno-long-long -march=core2 -O3 -pipe  -I/usr/include -I/usr/include -I/include  -L/usr/lib -L/usr/lib -L/lib conftest.c  >&5
configure:17382: $? = 0
configure:17400: result: yes
configure:17320: checking for getuid
configure:17376: gcc -o conftest -Wall -pedantic -Wno-long-long -march=core2 -O3 -pipe  -I/usr/include -I/usr/include -I/include  -L/usr/lib -L/usr/lib -L/lib conftest.c  >&5
configure:17382: $? = 0
configure:17400: result: yes
configure:17320: checking for mempcpy
configure:17376: gcc -o conftest -Wall -pedantic -Wno-long-long -march=core2 -O3 -pipe  -I/usr/include -I/usr/include -I/include  -L/usr/lib -L/usr/lib -L/lib conftest.c  >&5
conftest.c:136: warning: conflicting types for built-in function 'mempcpy'
configure:17382: $? = 0
configure:17400: result: yes
configure:17320: checking for munmap
configure:17376: gcc -o conftest -Wall -pedantic -Wno-long-long -march=core2 -O3 -pipe  -I/usr/include -I/usr/include -I/include  -L/usr/lib -L/usr/lib -L/lib conftest.c  >&5
configure:17382: $? = 0
configure:17400: result: yes
configure:17320: checking for putenv
configure:17376: gcc -o conftest -Wall -pedantic -Wno-long-long -march=core2 -O3 -pipe  -I/usr/include -I/usr/include -I/include  -L/usr/lib -L/usr/lib -L/lib conftest.c  >&5
configure:17382: $? = 0
configure:17400: result: yes
configure:17320: checking for setenv
configure:17400: result: yes
configure:17320: checking for setlocale
configure:17376: gcc -o conftest -Wall -pedantic -Wno-long-long -march=core2 -O3 -pipe  -I/usr/include -I/usr/include -I/include  -L/usr/lib -L/usr/lib -L/lib conftest.c  >&5
configure:17382: $? = 0
configure:17400: result: yes
configure:17320: checking for stpcpy
configure:17376: gcc -o conftest -Wall -pedantic -Wno-long-long -march=core2 -O3 -pipe  -I/usr/include -I/usr/include -I/include  -L/usr/lib -L/usr/lib -L/lib conftest.c  >&5
conftest.c:141: warning: conflicting types for built-in function 'stpcpy'
configure:17382: $? = 0
configure:17400: result: yes
configure:17320: checking for strchr
configure:17376: gcc -o conftest -Wall -pedantic -Wno-long-long -march=core2 -O3 -pipe  -I/usr/include -I/usr/include -I/include  -L/usr/lib -L/usr/lib -L/lib conftest.c  >&5
conftest.c:142: warning: conflicting types for built-in function 'strchr'
configure:17382: $? = 0
configure:17400: result: yes
configure:17320: checking for strcasecmp
configure:17400: result: yes
configure:17320: checking for strdup
configure:17400: result: yes
configure:17320: checking for strtoul
configure:17376: gcc -o conftest -Wall -pedantic -Wno-long-long -march=core2 -O3 -pipe  -I/usr/include -I/usr/include -I/include  -L/usr/lib -L/usr/lib -L/lib conftest.c  >&5
configure:17382: $? = 0
configure:17400: result: yes
configure:17320: checking for tsearch
configure:17376: gcc -o conftest -Wall -pedantic -Wno-long-long -march=core2 -O3 -pipe  -I/usr/include -I/usr/include -I/include  -L/usr/lib -L/usr/lib -L/lib conftest.c  >&5
configure:17382: $? = 0
configure:17400: result: yes
configure:17320: checking for __argz_count
configure:17376: gcc -o conftest -Wall -pedantic -Wno-long-long -march=core2 -O3 -pipe  -I/usr/include -I/usr/include -I/include  -L/usr/lib -L/usr/lib -L/lib conftest.c  >&5
configure:17382: $? = 0
configure:17400: result: yes
configure:17320: checking for __argz_stringify
configure:17376: gcc -o conftest -Wall -pedantic -Wno-long-long -march=core2 -O3 -pipe  -I/usr/include -I/usr/include -I/include  -L/usr/lib -L/usr/lib -L/lib conftest.c  >&5
configure:17382: $? = 0
configure:17400: result: yes
configure:17320: checking for __argz_next
configure:17376: gcc -o conftest -Wall -pedantic -Wno-long-long -march=core2 -O3 -pipe  -I/usr/include -I/usr/include -I/include  -L/usr/lib -L/usr/lib -L/lib conftest.c  >&5
configure:17382: $? = 0
configure:17400: result: yes
configure:17425: checking for iconv
configure:17457: gcc -o conftest -Wall -pedantic -Wno-long-long -march=core2 -O3 -pipe  -I/usr/include -I/usr/include -I/include  -L/usr/lib -L/usr/lib -L/lib conftest.c  >&5
configure:17463: $? = 0
configure:17533: result: yes
configure:17541: checking for iconv declaration
configure:17580: gcc -c -Wall -pedantic -Wno-long-long -march=core2 -O3 -pipe  -I/usr/include -I/usr/include -I/include conftest.c >&5
configure:17586: $? = 0
configure:17605: result: 
         extern size_t iconv (iconv_t cd, char * *inbuf, size_t *inbytesleft, char * *outbuf, size_t *outbytesleft);
configure:17621: checking for nl_langinfo and CODESET
configure:17647: gcc -o conftest -Wall -pedantic -Wno-long-long -march=core2 -O3 -pipe  -I/usr/include -I/usr/include -I/include  -L/usr/lib -L/usr/lib -L/lib conftest.c  >&5
conftest.c: In function 'main':
conftest.c:133: warning: unused variable 'cs'
configure:17653: $? = 0
configure:17671: result: yes
configure:17682: checking for LC_MESSAGES
configure:17708: gcc -o conftest -Wall -pedantic -Wno-long-long -march=core2 -O3 -pipe  -I/usr/include -I/usr/include -I/include  -L/usr/lib -L/usr/lib -L/lib conftest.c  >&5
configure:17714: $? = 0
configure:17731: result: yes
configure:17741: checking whether NLS is requested
configure:17750: result: yes
configure:17764: checking whether included gettext is requested
configure:17774: result: no
configure:17794: checking libintl.h usability
configure:17811: gcc -c -Wall -pedantic -Wno-long-long -march=core2 -O3 -pipe  -I/usr/include -I/usr/include -I/include conftest.c >&5
configure:17817: $? = 0
configure:17831: result: yes
configure:17835: checking libintl.h presence
configure:17850: gcc -E  -I/usr/include -I/usr/include -I/include conftest.c
configure:17856: $? = 0
configure:17870: result: yes
configure:17898: checking for libintl.h
configure:17905: result: yes
configure:17910: checking for GNU gettext in libc
configure:17938: gcc -o conftest -Wall -pedantic -Wno-long-long -march=core2 -O3 -pipe  -I/usr/include -I/usr/include -I/include  -L/usr/lib -L/usr/lib -L/lib conftest.c  >&5
configure:17944: $? = 0
configure:17961: result: yes
configure:18042: checking for dcgettext
configure:18098: gcc -o conftest -Wall -pedantic -Wno-long-long -march=core2 -O3 -pipe  -I/usr/include -I/usr/include -I/include  -L/usr/lib -L/usr/lib -L/lib conftest.c   >&5
conftest.c:156: warning: conflicting types for built-in function 'dcgettext'
configure:18104: $? = 0
configure:18122: result: yes
configure:18136: checking for msgfmt
configure:18163: result: /usr/bin/msgfmt
configure:18172: checking for gmsgfmt
configure:18203: result: /usr/bin/msgfmt
configure:18214: checking for xgettext
configure:18241: result: /usr/bin/xgettext
configure:18418: checking for bison
configure:18434: found /usr/bin/bison
configure:18445: result: bison
configure:18459: checking version of bison
configure:18468: result: 2.4.1, ok
configure:18507: checking for catalogs to be installed
configure:18527: result:  de eu ru it es uk fr pl nl cs id sk ko el zh_TW zh_CN pt_BR eo gl sv da lt tr ja hu et ca bg ga
configure:18570: checking iconv.h usability
configure:18587: gcc -c -Wall -pedantic -Wno-long-long -march=core2 -O3 -pipe  -I/usr/include -I/usr/include -I/include conftest.c >&5
configure:18593: $? = 0
configure:18607: result: yes
configure:18611: checking iconv.h presence
configure:18626: gcc -E  -I/usr/include -I/usr/include -I/include conftest.c
configure:18632: $? = 0
configure:18646: result: yes
configure:18674: checking for iconv.h
configure:18682: result: yes
configure:18690: checking whether iconv.h defines iconv_t
configure:18703: result: yes
configure:18721: checking whether this iconv is good enough
configure:18759: gcc -o conftest -Wall -pedantic -Wno-long-long -march=core2 -O3 -pipe  -I/usr/include -I/usr/include -I/include  -L/usr/lib -L/usr/lib -L/lib conftest.c   >&5
configure:18762: $? = 0
configure:18768: ./conftest
configure:18771: $? = 0
configure:18788: result: yes
configure:18796: checking whether iconv is non-transcribing
configure:18835: gcc -o conftest -Wall -pedantic -Wno-long-long -march=core2 -O3 -pipe  -I/usr/include -I/usr/include -I/include  -L/usr/lib -L/usr/lib -L/lib conftest.c   >&5
conftest.c: In function 'main':
conftest.c:149: warning: passing argument 2 of 'iconv' from incompatible pointer type
configure:18838: $? = 0
configure:18844: ./conftest
configure:18847: $? = 0
configure:18864: result: no
configure:18893: checking for bind_textdomain_codeset
configure:18949: gcc -o conftest -Wall -pedantic -Wno-long-long -march=core2 -O3 -pipe  -I/usr/include -I/usr/include -I/include -I$(top_srcdir)/intl  -L/usr/lib -L/usr/lib -L/lib conftest.c   >&5
configure:18955: $? = 0
configure:18973: result: yes
configure:19408: checking wchar.h usability
configure:19425: gcc -c -Wall -pedantic -Wno-long-long -march=core2 -O3 -pipe  -I/usr/include -I/usr/include -I/include -I$(top_srcdir)/intl conftest.c >&5
configure:19431: $? = 0
configure:19445: result: yes
configure:19449: checking wchar.h presence
configure:19464: gcc -E  -I/usr/include -I/usr/include -I/include -I$(top_srcdir)/intl conftest.c
configure:19470: $? = 0
configure:19484: result: yes
configure:19512: checking for wchar.h
configure:19520: result: yes
configure:19534: checking for wchar_t
configure:19566: gcc -c -Wall -pedantic -Wno-long-long -march=core2 -O3 -pipe  -I/usr/include -I/usr/include -I/include -I$(top_srcdir)/intl conftest.c >&5
conftest.c: In function 'main':
conftest.c:149: warning: unused variable 'wc'
configure:19572: $? = 0
configure:19587: result: yes
configure:19598: checking for wint_t
configure:19630: gcc -c -Wall -pedantic -Wno-long-long -march=core2 -O3 -pipe  -I/usr/include -I/usr/include -I/include -I$(top_srcdir)/intl conftest.c >&5
conftest.c: In function 'main':
conftest.c:149: warning: unused variable 'wc'
configure:19636: $? = 0
configure:19651: result: yes
configure:19677: checking wctype.h usability
configure:19694: gcc -c -Wall -pedantic -Wno-long-long -march=core2 -O3 -pipe  -I/usr/include -I/usr/include -I/include -I$(top_srcdir)/intl conftest.c >&5
configure:19700: $? = 0
configure:19714: result: yes
configure:19718: checking wctype.h presence
configure:19733: gcc -E  -I/usr/include -I/usr/include -I/include -I$(top_srcdir)/intl conftest.c
configure:19739: $? = 0
configure:19753: result: yes
configure:19781: checking for wctype.h
configure:19789: result: yes
configure:19809: checking for iswalnum
configure:19865: gcc -o conftest -Wall -pedantic -Wno-long-long -march=core2 -O3 -pipe  -I/usr/include -I/usr/include -I/include -I$(top_srcdir)/intl  -L/usr/lib -L/usr/lib -L/lib conftest.c  >&5
conftest.c:163: warning: conflicting types for built-in function 'iswalnum'
configure:19871: $? = 0
configure:19889: result: yes
configure:19809: checking for iswalpha
configure:19865: gcc -o conftest -Wall -pedantic -Wno-long-long -march=core2 -O3 -pipe  -I/usr/include -I/usr/include -I/include -I$(top_srcdir)/intl  -L/usr/lib -L/usr/lib -L/lib conftest.c  >&5
conftest.c:164: warning: conflicting types for built-in function 'iswalpha'
configure:19871: $? = 0
configure:19889: result: yes
configure:19809: checking for iswcntrl
configure:19865: gcc -o conftest -Wall -pedantic -Wno-long-long -march=core2 -O3 -pipe  -I/usr/include -I/usr/include -I/include -I$(top_srcdir)/intl  -L/usr/lib -L/usr/lib -L/lib conftest.c  >&5
conftest.c:165: warning: conflicting types for built-in function 'iswcntrl'
configure:19871: $? = 0
configure:19889: result: yes
configure:19809: checking for iswdigit
configure:19865: gcc -o conftest -Wall -pedantic -Wno-long-long -march=core2 -O3 -pipe  -I/usr/include -I/usr/include -I/include -I$(top_srcdir)/intl  -L/usr/lib -L/usr/lib -L/lib conftest.c  >&5
conftest.c:166: warning: conflicting types for built-in function 'iswdigit'
configure:19871: $? = 0
configure:19889: result: yes
configure:19908: checking for iswgraph
configure:19964: gcc -o conftest -Wall -pedantic -Wno-long-long -march=core2 -O3 -pipe  -I/usr/include -I/usr/include -I/include -I$(top_srcdir)/intl  -L/usr/lib -L/usr/lib -L/lib conftest.c  >&5
conftest.c:167: warning: conflicting types for built-in function 'iswgraph'
configure:19970: $? = 0
configure:19988: result: yes
configure:19908: checking for iswlower
configure:19964: gcc -o conftest -Wall -pedantic -Wno-long-long -march=core2 -O3 -pipe  -I/usr/include -I/usr/include -I/include -I$(top_srcdir)/intl  -L/usr/lib -L/usr/lib -L/lib conftest.c  >&5
conftest.c:168: warning: conflicting types for built-in function 'iswlower'
configure:19970: $? = 0
configure:19988: result: yes
configure:19908: checking for iswprint
configure:19964: gcc -o conftest -Wall -pedantic -Wno-long-long -march=core2 -O3 -pipe  -I/usr/include -I/usr/include -I/include -I$(top_srcdir)/intl  -L/usr/lib -L/usr/lib -L/lib conftest.c  >&5
conftest.c:169: warning: conflicting types for built-in function 'iswprint'
configure:19970: $? = 0
configure:19988: result: yes
configure:19908: checking for iswpunct
configure:19964: gcc -o conftest -Wall -pedantic -Wno-long-long -march=core2 -O3 -pipe  -I/usr/include -I/usr/include -I/include -I$(top_srcdir)/intl  -L/usr/lib -L/usr/lib -L/lib conftest.c  >&5
conftest.c:170: warning: conflicting types for built-in function 'iswpunct'
configure:19970: $? = 0
configure:19988: result: yes
configure:19908: checking for iswspace
configure:19964: gcc -o conftest -Wall -pedantic -Wno-long-long -march=core2 -O3 -pipe  -I/usr/include -I/usr/include -I/include -I$(top_srcdir)/intl  -L/usr/lib -L/usr/lib -L/lib conftest.c  >&5
conftest.c:171: warning: conflicting types for built-in function 'iswspace'
configure:19970: $? = 0
configure:19988: result: yes
configure:19908: checking for iswupper
configure:19964: gcc -o conftest -Wall -pedantic -Wno-long-long -march=core2 -O3 -pipe  -I/usr/include -I/usr/include -I/include -I$(top_srcdir)/intl  -L/usr/lib -L/usr/lib -L/lib conftest.c  >&5
conftest.c:172: warning: conflicting types for built-in function 'iswupper'
configure:19970: $? = 0
configure:19988: result: yes
configure:20004: checking for iswxdigit
configure:20060: gcc -o conftest -Wall -pedantic -Wno-long-long -march=core2 -O3 -pipe  -I/usr/include -I/usr/include -I/include -I$(top_srcdir)/intl  -L/usr/lib -L/usr/lib -L/lib conftest.c  >&5
conftest.c:173: warning: conflicting types for built-in function 'iswxdigit'
configure:20066: $? = 0
configure:20084: result: yes
configure:20004: checking for towupper
configure:20060: gcc -o conftest -Wall -pedantic -Wno-long-long -march=core2 -O3 -pipe  -I/usr/include -I/usr/include -I/include -I$(top_srcdir)/intl  -L/usr/lib -L/usr/lib -L/lib conftest.c  >&5
conftest.c:174: warning: conflicting types for built-in function 'towupper'
configure:20066: $? = 0
configure:20084: result: yes
configure:20004: checking for towlower
configure:20060: gcc -o conftest -Wall -pedantic -Wno-long-long -march=core2 -O3 -pipe  -I/usr/include -I/usr/include -I/include -I$(top_srcdir)/intl  -L/usr/lib -L/usr/lib -L/lib conftest.c  >&5
conftest.c:175: warning: conflicting types for built-in function 'towlower'
configure:20066: $? = 0
configure:20084: result: yes
configure:20095: checking for mbstate_t
configure:20127: gcc -c -Wall -pedantic -Wno-long-long -march=core2 -O3 -pipe  -I/usr/include -I/usr/include -I/include -I$(top_srcdir)/intl conftest.c >&5
conftest.c: In function 'main':
conftest.c:163: warning: unused variable 's'
configure:20133: $? = 0
configure:20148: result: yes
configure:20168: checking for wchar_t functions
configure:20205: gcc -o conftest -Wall -pedantic -Wno-long-long -march=core2 -O3 -pipe  -I/usr/include -I/usr/include -I/include -I$(top_srcdir)/intl  -L/usr/lib -L/usr/lib -L/lib conftest.c  >&5
conftest.c: In function 'main':
conftest.c:167: warning: statement with no effect
conftest.c:167: warning: statement with no effect
conftest.c:167: warning: statement with no effect
conftest.c:167: warning: statement with no effect
conftest.c:168: warning: statement with no effect
configure:20211: $? = 0
configure:20228: result: yes
configure:20243: checking for nl_langinfo and CODESET
configure:20269: gcc -o conftest -Wall -pedantic -Wno-long-long -march=core2 -O3 -pipe  -I/usr/include -I/usr/include -I/include -I$(top_srcdir)/intl  -L/usr/lib -L/usr/lib -L/lib conftest.c  >&5
conftest.c: In function 'main':
conftest.c:158: warning: unused variable 'cs'
configure:20275: $? = 0
configure:20292: result: yes
configure:20302: checking for nl_langinfo and YESEXPR
configure:20328: gcc -o conftest -Wall -pedantic -Wno-long-long -march=core2 -O3 -pipe  -I/usr/include -I/usr/include -I/include -I$(top_srcdir)/intl  -L/usr/lib -L/usr/lib -L/lib conftest.c  >&5
conftest.c: In function 'main':
conftest.c:159: warning: unused variable 'cs'
configure:20334: $? = 0
configure:20351: result: yes
configure:20364: checking for ospcat
configure:20382: found /usr/bin/ospcat
configure:20395: result: /usr/bin/ospcat
configure:20405: checking for openjade docbook stylesheets
configure:20420: result: not found: PDF documentation will not be built.
configure:20586: creating ./config.status

## ---------------------- ##
## Running config.status. ##
## ---------------------- ##

This file was extended by config.status, which was
generated by GNU Autoconf 2.61.  Invocation command line was

  CONFIG_FILES    = 
  CONFIG_HEADERS  = 
  CONFIG_LINKS    = 
  CONFIG_COMMANDS = 
  $ ./config.status 

on centuar

config.status:718: creating Makefile
config.status:718: creating contrib/Makefile
config.status:718: creating doc/Makefile
config.status:718: creating imap/Makefile
config.status:718: creating intl/Makefile
config.status:718: creating m4/Makefile
config.status:718: creating po/Makefile.in
config.status:718: creating hcachever.sh
config.status:718: creating muttbug.sh
config.status:718: creating doc/instdoc.sh
config.status:718: creating config.h
config.status:1152: executing depfiles commands
config.status:1152: executing default-1 commands

## ---------------- ##
## Cache variables. ##
## ---------------- ##

ac_cv_build=i686-pc-linux-gnu
ac_cv_c_bigendian=no
ac_cv_c_compiler_gnu=yes
ac_cv_c_const=yes
ac_cv_c_inline=inline
ac_cv_dirent_d_ino=yes
ac_cv_env_CC_set=
ac_cv_env_CC_value=
ac_cv_env_CFLAGS_set=set
ac_cv_env_CFLAGS_value='-march=core2 -O3 -pipe'
ac_cv_env_CPPFLAGS_set=
ac_cv_env_CPPFLAGS_value=
ac_cv_env_CPP_set=
ac_cv_env_CPP_value=
ac_cv_env_LDFLAGS_set=
ac_cv_env_LDFLAGS_value=
ac_cv_env_LIBS_set=
ac_cv_env_LIBS_value=
ac_cv_env_build_alias_set=
ac_cv_env_build_alias_value=
ac_cv_env_host_alias_set=
ac_cv_env_host_alias_value=
ac_cv_env_target_alias_set=
ac_cv_env_target_alias_value=
ac_cv_func_RAND_egd=yes
ac_cv_func_RAND_status=yes
ac_cv_func___argz_count=yes
ac_cv_func___argz_next=yes
ac_cv_func___argz_stringify=yes
ac_cv_func_alloca_works=yes
ac_cv_func_bind_textdomain_codeset=yes
ac_cv_func_dcgettext=yes
ac_cv_func_fchdir=yes
ac_cv_func_feof_unlocked=yes
ac_cv_func_fgetpos=yes
ac_cv_func_fgets_unlocked=yes
ac_cv_func_ftruncate=yes
ac_cv_func_getaddrinfo=yes
ac_cv_func_getcwd=yes
ac_cv_func_getegid=yes
ac_cv_func_geteuid=yes
ac_cv_func_getgid=yes
ac_cv_func_gethostent=yes
ac_cv_func_getopt=yes
ac_cv_func_getpagesize=yes
ac_cv_func_getsid=yes
ac_cv_func_getuid=yes
ac_cv_func_iswalnum=yes
ac_cv_func_iswalpha=yes
ac_cv_func_iswcntrl=yes
ac_cv_func_iswdigit=yes
ac_cv_func_iswgraph=yes
ac_cv_func_iswlower=yes
ac_cv_func_iswprint=yes
ac_cv_func_iswpunct=yes
ac_cv_func_iswspace=yes
ac_cv_func_iswupper=yes
ac_cv_func_iswxdigit=yes
ac_cv_func_memmove=yes
ac_cv_func_mempcpy=yes
ac_cv_func_mmap_fixed_mapped=yes
ac_cv_func_munmap=yes
ac_cv_func_putenv=yes
ac_cv_func_setegid=yes
ac_cv_func_setenv=yes
ac_cv_func_setlocale=yes
ac_cv_func_setrlimit=yes
ac_cv_func_setsockopt=yes
ac_cv_func_snprintf=yes
ac_cv_func_srand48=yes
ac_cv_func_stpcpy=yes
ac_cv_func_strcasecmp=yes
ac_cv_func_strchr=yes
ac_cv_func_strdup=yes
ac_cv_func_strerror=yes
ac_cv_func_strftime=yes
ac_cv_func_strsep=yes
ac_cv_func_strtok_r=yes
ac_cv_func_strtoul=yes
ac_cv_func_towlower=yes
ac_cv_func_towupper=yes
ac_cv_func_tsearch=yes
ac_cv_func_vsnprintf=yes
ac_cv_gdbmopen=yes
ac_cv_gnu_library_2_1=yes
ac_cv_have_decl_sys_siglist=yes
ac_cv_header_argz_h=yes
ac_cv_header_getopt_h=yes
ac_cv_header_iconv_h=yes
ac_cv_header_inttypes_h=yes
ac_cv_header_ioctl_h=no
ac_cv_header_libintl_h=yes
ac_cv_header_limits_h=yes
ac_cv_header_locale_h=yes
ac_cv_header_malloc_h=yes
ac_cv_header_memory_h=yes
ac_cv_header_nl_types_h=yes
ac_cv_header_stdarg_h=yes
ac_cv_header_stdc=yes
ac_cv_header_stddef_h=yes
ac_cv_header_stdint_h=yes
ac_cv_header_stdlib_h=yes
ac_cv_header_string_h=yes
ac_cv_header_strings_h=yes
ac_cv_header_sys_ioctl_h=yes
ac_cv_header_sys_param_h=yes
ac_cv_header_sys_resource_h=yes
ac_cv_header_sys_select_h=yes
ac_cv_header_sys_stat_h=yes
ac_cv_header_sys_time_h=yes
ac_cv_header_sys_types_h=yes
ac_cv_header_sysexits_h=yes
ac_cv_header_tcbdb_h=no
ac_cv_header_unistd_h=yes
ac_cv_header_unix_h=no
ac_cv_header_villa_h=no
ac_cv_header_wchar_h=yes
ac_cv_header_wctype_h=yes
ac_cv_host=i686-pc-linux-gnu
ac_cv_lib_crypto_X509_new=yes
ac_cv_lib_qdbm_vlopen=no
ac_cv_lib_sasl2_sasl_client_init=yes
ac_cv_lib_slang_SLtt_get_terminfo=yes
ac_cv_lib_ssl_SSL_new=yes
ac_cv_lib_z_deflate=yes
ac_cv_objext=o
ac_cv_path_DBX=no
ac_cv_path_EGREP='/bin/grep -E'
ac_cv_path_GDB=/usr/bin/gdb
ac_cv_path_GMSGFMT=/usr/bin/msgfmt
ac_cv_path_GPGME_CONFIG=/usr/bin/gpgme-config
ac_cv_path_GREP=/bin/grep
ac_cv_path_ISPELL=/usr/bin/ispell
ac_cv_path_MSGFMT=/usr/bin/msgfmt
ac_cv_path_OSPCAT=/usr/bin/ospcat
ac_cv_path_SDB=no
ac_cv_path_SENDMAIL=/usr/sbin/sendmail
ac_cv_path_XGETTEXT=/usr/bin/xgettext
ac_cv_path_install='/bin/install -c'
ac_cv_path_mkdir=/bin/mkdir
ac_cv_prog_AWK=gawk
ac_cv_prog_CPP='gcc -E'
ac_cv_prog_INTLBISON=bison
ac_cv_prog_ac_ct_AR=ar
ac_cv_prog_ac_ct_CC=gcc
ac_cv_prog_ac_ct_RANLIB=ranlib
ac_cv_prog_cc_c89=
ac_cv_prog_cc_g=yes
ac_cv_prog_make_make_set=yes
ac_cv_search_strerror='none required'
ac_cv_sizeof_int=4
ac_cv_sizeof_long=4
ac_cv_sizeof_long_long=8
ac_cv_sizeof_off_t=8
ac_cv_sizeof_short=2
ac_cv_sys_file_offset_bits=64
ac_cv_sys_largefile_CC=no
ac_cv_sys_largefile_source=no
ac_cv_type_int=yes
ac_cv_type_long=yes
ac_cv_type_long_long=yes
ac_cv_type_off_t=yes
ac_cv_type_pid_t=yes
ac_cv_type_short=yes
ac_cv_type_sig_atomic_t=yes
ac_cv_type_signal=void
ac_cv_type_size_t=yes
ac_cv_type_ssize_t=yes
ac_cv_type_uint32_t=yes
ac_cv_working_alloca_h=yes
am_cv_CC_dependencies_compiler_type=gcc3
am_cv_func_iconv=yes
am_cv_langinfo_codeset=yes
am_cv_lib_iconv=no
am_cv_proto_iconv='extern size_t iconv (iconv_t cd, char * *inbuf, size_t *inbytesleft, char * *outbuf, size_t *outbytesleft);'
am_cv_proto_iconv_arg1=
am_cv_val_LC_MESSAGES=yes
gt_cv_func_gnugettext1_libc=yes
mutt_cv_bsdish=no
mutt_cv_c99_snprintf=yes
mutt_cv_c99_vsnprintf=yes
mutt_cv_docdir='${datarootdir}/doc/mutt'
mutt_cv_fcntl=yes
mutt_cv_func_snprintf=yes
mutt_cv_func_vsnprintf=yes
mutt_cv_iconv_good=yes
mutt_cv_iconv_nontrans=no
mutt_cv_langinfo_codeset=yes
mutt_cv_langinfo_yesexpr=yes
mutt_cv_mailpath=/var/mail
mutt_cv_mbstate_t=yes
mutt_cv_prefix=/usr
mutt_cv_regex=yes
mutt_cv_setgid=no
mutt_cv_slang=/usr
mutt_cv_version=1.5.19
mutt_cv_warnings=yes
mutt_cv_wc_funcs=yes
mutt_cv_wchar_t=yes
mutt_cv_wint_t=yes
mutt_cv_worldwrite=yes
nls_cv_force_use_gnu_gettext=no
nls_cv_header_intl=
nls_cv_header_libgt=
nls_cv_use_gnu_gettext=no

## ----------------- ##
## Output variables. ##
## ----------------- ##

ACLOCAL='${SHELL} /home/colin/Downloads/AUR/mutt/src/mutt-1.5.19/missing --run aclocal-1.10'
ALLOCA=''
AMDEPBACKSLASH='\'
AMDEP_FALSE='#'
AMDEP_TRUE=''
AMTAR='${SHELL} /home/colin/Downloads/AUR/mutt/src/mutt-1.5.19/missing --run tar'
ANSI2KNR=''
AR='ar'
AUTOCONF='${SHELL} /home/colin/Downloads/AUR/mutt/src/mutt-1.5.19/missing --run autoconf'
AUTOHEADER='${SHELL} /home/colin/Downloads/AUR/mutt/src/mutt-1.5.19/missing --run autoheader'
AUTOMAKE='${SHELL} /home/colin/Downloads/AUR/mutt/src/mutt-1.5.19/missing --run automake-1.10'
AWK='gawk'
BUILD_IMAP_FALSE='#'
BUILD_IMAP_TRUE=''
BUILD_INCLUDED_LIBINTL='no'
CATALOGS=' de.gmo eu.gmo ru.gmo it.gmo es.gmo uk.gmo fr.gmo pl.gmo nl.gmo cs.gmo id.gmo sk.gmo ko.gmo el.gmo zh_TW.gmo zh_CN.gmo pt_BR.gmo eo.gmo gl.gmo sv.gmo da.gmo lt.gmo tr.gmo ja.gmo hu.gmo et.gmo ca.gmo bg.gmo ga.gmo'
CATOBJEXT='.gmo'
CC='gcc'
CCDEPMODE='depmode=gcc3'
CFLAGS='-Wall -pedantic -Wno-long-long -march=core2 -O3 -pipe'
CONFIG_STATUS_DEPENDENCIES='$(top_srcdir)/VERSION'
CPP='gcc -E'
CPPFLAGS=' -I/usr/include -I/usr/include -I/include -I$(top_srcdir)/intl'
CYGPATH_W='echo'
DATADIRNAME='share'
DBX='no'
DEBUGGER='/usr/bin/gdb'
DEFS='-DHAVE_CONFIG_H'
DEPDIR='.deps'
DOTLOCK_GROUP=''
DOTLOCK_PERMISSION='755'
DOTLOCK_TARGET=''
DSLROOT=''
ECHO_C=''
ECHO_N='-n'
ECHO_T=''
EGREP='/bin/grep -E'
EXEEXT=''
GDB='/usr/bin/gdb'
GENCAT='gencat'
GLIBC21='yes'
GMOFILES=' de.gmo eu.gmo ru.gmo it.gmo es.gmo uk.gmo fr.gmo pl.gmo nl.gmo cs.gmo id.gmo sk.gmo ko.gmo el.gmo zh_TW.gmo zh_CN.gmo pt_BR.gmo eo.gmo gl.gmo sv.gmo da.gmo lt.gmo tr.gmo ja.gmo hu.gmo et.gmo ca.gmo bg.gmo ga.gmo'
GMSGFMT='/usr/bin/msgfmt'
GPGME_CFLAGS=''
GPGME_CONFIG='/usr/bin/gpgme-config'
GPGME_LIBS='-lgpgme -lgpg-error'
GREP='/bin/grep'
INSTALL_DATA='${INSTALL} -m 644'
INSTALL_PROGRAM='${INSTALL}'
INSTALL_SCRIPT='${INSTALL}'
INSTALL_STRIP_PROGRAM='$(install_sh) -c -s'
INSTOBJEXT='.mo'
INTLBISON='bison'
INTLLIBS=''
INTLOBJS=''
INTL_LIBTOOL_SUFFIX_PREFIX=''
ISPELL='/usr/bin/ispell'
KRB5CFGPATH=''
LDFLAGS=' -L/usr/lib -L/usr/lib -L/lib'
LIBGNUTLS_CFLAGS=''
LIBGNUTLS_CONFIG=''
LIBGNUTLS_LIBS=''
LIBICONV=''
LIBIMAP='-Limap -limap'
LIBIMAPDEPS='$(top_srcdir)/imap/imap.h imap/libimap.a'
LIBOBJS=' ${LIBOBJDIR}regex$U.o'
LIBS=''
LTLIBOBJS=' ${LIBOBJDIR}regex$U.lo'
MAKEINFO='${SHELL} /home/colin/Downloads/AUR/mutt/src/mutt-1.5.19/missing --run makeinfo'
MKINSTALLDIRS='./mkinstalldirs'
MSGFMT='/usr/bin/msgfmt'
MUTTLIBS=' -lslang -lm -lssl -lcrypto -lz -lsasl2 -lgdbm'
MUTT_LIB_OBJECTS=' crypt-gpgme.o crypt-mod-pgp-gpgme.o crypt-mod-smime-gpgme.o pgp.o pgpinvoke.o pgpkey.o pgplib.o gnupgparse.o pgpmicalg.o pgppacket.o crypt-mod-pgp-classic.o smime.o crypt-mod-smime-classic.o resize.o dotlock.o pop.o pop_lib.o pop_auth.o smtp.o bcache.o account.o mutt_socket.o mutt_tunnel.o mutt_ssl.o mutt_sasl.o hcache.o md5.o'
MUTT_MD5='mutt_md5'
OBJEXT='o'
OPS='$(srcdir)/OPS $(srcdir)/OPS.PGP $(srcdir)/OPS.SMIME $(srcdir)/OPS.CRYPT '
OSPCAT='/usr/bin/ospcat'
PACKAGE='mutt'
PACKAGE_BUGREPORT=''
PACKAGE_NAME=''
PACKAGE_STRING=''
PACKAGE_TARNAME=''
PACKAGE_VERSION=''
PATH_SEPARATOR=':'
PGPAUX_TARGET='pgpring$(EXEEXT) pgpewrap$(EXEEXT)'
POFILES=' de.po eu.po ru.po it.po es.po uk.po fr.po pl.po nl.po cs.po id.po sk.po ko.po el.po zh_TW.po zh_CN.po pt_BR.po eo.po gl.po sv.po da.po lt.po tr.po ja.po hu.po et.po ca.po bg.po ga.po'
POSUB='po'
RANLIB='ranlib'
SDB='no'
SENDMAIL='/usr/sbin/sendmail'
SET_MAKE=''
SHELL='/bin/sh'
SMIMEAUX_TARGET='smime_keys'
STRIP=''
U=''
USE_GSS_FALSE=''
USE_GSS_TRUE='#'
USE_INCLUDED_LIBINTL='no'
USE_NLS='yes'
USE_SASL_FALSE='#'
USE_SASL_TRUE=''
USE_SSL_FALSE='#'
USE_SSL_TRUE=''
VERSION='1.5.19'
XGETTEXT='/usr/bin/xgettext'
ac_ct_CC='gcc'
am__fastdepCC_FALSE='#'
am__fastdepCC_TRUE=''
am__include='include'
am__isrc=''
am__leading_dot='.'
am__quote=''
am__tar='${AMTAR} chof - "$$tardir"'
am__untar='${AMTAR} xf -'
bindir='${exec_prefix}/bin'
build='i686-pc-linux-gnu'
build_alias=''
build_cpu='i686'
build_os='linux-gnu'
build_vendor='pc'
datadir='${datarootdir}'
datarootdir='${prefix}/share'
docdir='${datarootdir}/doc/mutt'
dvidir='${docdir}'
exec_prefix='${prefix}'
host='i686-pc-linux-gnu'
host_alias=''
host_cpu='i686'
host_os='linux-gnu'
host_vendor='pc'
htmldir='${docdir}'
includedir='${prefix}/include'
infodir='${datarootdir}/info'
install_sh='$(SHELL) /home/colin/Downloads/AUR/mutt/src/mutt-1.5.19/install-sh'
libdir='${exec_prefix}/lib'
libexecdir='${exec_prefix}/libexec'
localedir='${datarootdir}/locale'
localstatedir='${prefix}/var'
mandir='${datarootdir}/man'
mkdir_p='/bin/mkdir -p'
oldincludedir='/usr/include'
pdfdir='${docdir}'
prefix='/usr'
program_transform_name='s,x,x,'
psdir='${docdir}'
sbindir='${exec_prefix}/sbin'
sharedstatedir='${prefix}/com'
sysconfdir='/etc'
target_alias=''

## ----------- ##
## confdefs.h. ##
## ----------- ##

#define PACKAGE_NAME ""
#define PACKAGE_TARNAME ""
#define PACKAGE_VERSION ""
#define PACKAGE_STRING ""
#define PACKAGE_BUGREPORT ""
#define PACKAGE "mutt"
#define VERSION "1.5.19"
#define _GNU_SOURCE 1
#define PROTOTYPES 1
#define __PROTOTYPES 1
#define STDC_HEADERS 1
#define HAVE_SYS_TYPES_H 1
#define HAVE_SYS_STAT_H 1
#define HAVE_STDLIB_H 1
#define HAVE_STRING_H 1
#define HAVE_MEMORY_H 1
#define HAVE_STRINGS_H 1
#define HAVE_INTTYPES_H 1
#define HAVE_STDINT_H 1
#define HAVE_UNISTD_H 1
#define HAVE_STRING_H 1
#define _FILE_OFFSET_BITS 64
#define HAVE_FSEEKO 1
#define SIZEOF_OFF_T 8
#define HAVE_INTTYPES_H 1
#define HAVE_C99_INTTYPES 1
#define SIZEOF_SHORT 2
#define SIZEOF_INT 4
#define SIZEOF_LONG 4
#define SIZEOF_LONG_LONG 8
#define SENDMAIL "/usr/sbin/sendmail"
#define CRYPT_BACKEND_GPGME 1
#define HAVE_GPGME_PKA_TRUST 1
#define CRYPT_BACKEND_GPGME 1
#define CRYPT_BACKEND_CLASSIC_PGP 1
#define CRYPT_BACKEND_CLASSIC_SMIME 1
#define ISPELL "/usr/bin/ispell"
#define USE_SLANG_CURSES 1
#define HAVE_COLOR 1
#define STDC_HEADERS 1
#define HAVE_STDARG_H 1
#define HAVE_SYS_IOCTL_H 1
#define HAVE_SYSEXITS_H 1
#define HAVE_SYS_TIME_H 1
#define HAVE_SYS_RESOURCE_H 1
#define HAVE_SETRLIMIT 1
#define HAVE_GETSID 1
#define RETSIGTYPE void
#define SIG_ATOMIC_VOLATILE_T volatile sig_atomic_t
#define HAVE_DECL_SYS_SIGLIST 1
#define HAVE_FGETPOS 1
#define HAVE_MEMMOVE 1
#define HAVE_SETEGID 1
#define HAVE_SRAND48 1
#define HAVE_STRERROR 1
#define HAVE_SETENV 1
#define HAVE_STRCASECMP 1
#define HAVE_STRDUP 1
#define HAVE_STRSEP 1
#define HAVE_STRTOK_R 1
#define HAVE_GETOPT_H 1
#define HAVE_SNPRINTF 1
#define HAVE_VSNPRINTF 1
#define HAVE_FTRUNCATE 1
#define HAVE_STRFTIME 1
#define HAVE_FCHDIR 1
#define USE_GNU_REGEX 1
#define MAILPATH "/var/mail"
#define USE_DOTLOCK 1
#define USE_POP 1
#define USE_IMAP 1
#define USE_SMTP 1
#define HAVE_SYS_SELECT_H 1
#define HAVE_GETADDRINFO 1
#define USE_SOCKET 1
#define HAVE_LIBSSL 1
#define HAVE_RAND_STATUS 1
#define HAVE_RAND_EGD 1
#define USE_SSL 1
#define USE_SSL_OPENSSL 1
#define HAVE_LIBSASL2 1
#define USE_SASL 1
#define USE_FCNTL 1
#define HAVE_DIRENT_D_INO 1
#define EXECSHELL "/bin/sh"
#define USE_HCACHE 1
#define HAVE_GDBM 1
#define HAVE_ALLOCA_H 1
#define HAVE_ALLOCA 1
#define HAVE_STDLIB_H 1
#define HAVE_UNISTD_H 1
#define HAVE_GETPAGESIZE 1
#define HAVE_MMAP 1
#define HAVE_ARGZ_H 1
#define HAVE_LIMITS_H 1
#define HAVE_LOCALE_H 1
#define HAVE_NL_TYPES_H 1
#define HAVE_MALLOC_H 1
#define HAVE_STDDEF_H 1
#define HAVE_STDLIB_H 1
#define HAVE_STRING_H 1
#define HAVE_UNISTD_H 1
#define HAVE_SYS_PARAM_H 1
#define HAVE_FEOF_UNLOCKED 1
#define HAVE_FGETS_UNLOCKED 1
#define HAVE_GETCWD 1
#define HAVE_GETEGID 1
#define HAVE_GETEUID 1
#define HAVE_GETGID 1
#define HAVE_GETUID 1
#define HAVE_MEMPCPY 1
#define HAVE_MUNMAP 1
#define HAVE_PUTENV 1
#define HAVE_SETENV 1
#define HAVE_SETLOCALE 1
#define HAVE_STPCPY 1
#define HAVE_STRCHR 1
#define HAVE_STRCASECMP 1
#define HAVE_STRDUP 1
#define HAVE_STRTOUL 1
#define HAVE_TSEARCH 1
#define HAVE___ARGZ_COUNT 1
#define HAVE___ARGZ_STRINGIFY 1
#define HAVE___ARGZ_NEXT 1
#define HAVE_ICONV 1
#define ICONV_CONST 
#define HAVE_LANGINFO_CODESET 1
#define HAVE_LC_MESSAGES 1
#define ENABLE_NLS 1
#define HAVE_GETTEXT 1
#define HAVE_DCGETTEXT 1
#define HAVE_ICONV_H 1
#define HAVE_ICONV_T_DEF 1
#define ICONV_NONTRANS 0
#define HAVE_BIND_TEXTDOMAIN_CODESET 1
#define HAVE_WCHAR_H 1
#define HAVE_WCTYPE_H 1
#define HAVE_ISWALNUM 1
#define HAVE_ISWALPHA 1
#define HAVE_ISWCNTRL 1
#define HAVE_ISWDIGIT 1
#define HAVE_ISWGRAPH 1
#define HAVE_ISWLOWER 1
#define HAVE_ISWPRINT 1
#define HAVE_ISWPUNCT 1
#define HAVE_ISWSPACE 1
#define HAVE_ISWUPPER 1
#define HAVE_ISWXDIGIT 1
#define HAVE_TOWUPPER 1
#define HAVE_TOWLOWER 1
#define HAVE_WC_FUNCS 1
#define HAVE_LANGINFO_CODESET 1
#define HAVE_LANGINFO_YESEXPR 1
#define MAKEDOC_FULL 1

configure: exit 0
