This file contains any messages produced by compilers while
running configure, to aid debugging if configure makes a mistake.

It was created by configure, which was
generated by GNU Autoconf 2.59.  Invocation command line was

  $ ./configure --prefix=/home/colin/sys

## --------- ##
## Platform. ##
## --------- ##

hostname = centuar
uname -m = i686
uname -r = 2.6.28-ARCH
uname -s = Linux
uname -v = #1 SMP PREEMPT Sun Feb 22 11:03:50 UTC 2009

/usr/bin/uname -p = unknown
/bin/uname -X     = unknown

/bin/arch              = i686
/usr/bin/arch -k       = unknown
/usr/convex/getsysinfo = unknown
hostinfo               = unknown
/bin/machine           = unknown
/usr/bin/oslevel       = unknown
/bin/universe          = unknown

PATH: /home/colin/sys/bin
PATH: /home/colin/sys/bin
PATH: /home/colin/sys/bin
PATH: /home/colin/sys/bin
PATH: /bin
PATH: /usr/bin
PATH: /sbin
PATH: /usr/sbin
PATH: /opt/java/bin
PATH: /opt/java/jre/bin
PATH: /usr/bin/perlbin/site
PATH: /usr/bin/perlbin/vendor
PATH: /usr/bin/perlbin/core
PATH: /opt/qt/bin
PATH: /usr/local/bin
PATH: /usr/local/sbin
PATH: /usr/local/bin
PATH: /usr/local/sbin
PATH: /usr/local/bin
PATH: /usr/local/sbin
PATH: /usr/local/bin
PATH: /usr/local/sbin


## ----------- ##
## Core tests. ##
## ----------- ##

configure:1344: checking for a BSD-compatible install
configure:1399: result: /bin/install -c
configure:1410: checking whether build environment is sane
configure:1453: result: yes
configure:1477: WARNING: `missing' script is too old or missing
configure:1518: checking for gawk
configure:1534: found /bin/gawk
configure:1544: result: gawk
configure:1554: checking whether make sets $(MAKE)
configure:1574: result: yes
configure:1792: checking for gcc
configure:1808: found /bin/gcc
configure:1818: result: gcc
configure:2062: checking for C compiler version
configure:2065: gcc --version </dev/null >&5
gcc (GCC) 4.3.3
Copyright (C) 2008 Free Software Foundation, Inc.
This is free software; see the source for copying conditions.  There is NO
warranty; not even for MERCHANTABILITY or FITNESS FOR A PARTICULAR PURPOSE.

configure:2068: $? = 0
configure:2070: gcc -v </dev/null >&5
Using built-in specs.
Target: i686-pc-linux-gnu
Configured with: ../configure --prefix=/usr --enable-shared --enable-languages=c,c++,fortran,objc,obj-c++,treelang --enable-threads=posix --mandir=/usr/share/man --infodir=/usr/share/info --enable-__cxa_atexit --disable-multilib --libdir=/usr/lib --libexecdir=/usr/lib --enable-clocale=gnu --disable-libstdcxx-pch --with-tune=generic
Thread model: posix
gcc version 4.3.3 (GCC) 
configure:2073: $? = 0
configure:2075: gcc -V </dev/null >&5
gcc: '-V' option must have argument
configure:2078: $? = 1
configure:2101: checking for C compiler default output file name
configure:2104: gcc -march=core2 -O3 -pipe   conftest.c  >&5
configure:2107: $? = 0
configure:2153: result: a.out
configure:2158: checking whether the C compiler works
configure:2164: ./a.out
configure:2167: $? = 0
configure:2184: result: yes
configure:2191: checking whether we are cross compiling
configure:2193: result: no
configure:2196: checking for suffix of executables
configure:2198: gcc -o conftest -march=core2 -O3 -pipe   conftest.c  >&5
configure:2201: $? = 0
configure:2226: result: 
configure:2232: checking for suffix of object files
configure:2253: gcc -c -march=core2 -O3 -pipe  conftest.c >&5
configure:2256: $? = 0
configure:2278: result: o
configure:2282: checking whether we are using the GNU C compiler
configure:2306: gcc -c -march=core2 -O3 -pipe  conftest.c >&5
configure:2312: $? = 0
configure:2316: test -z 
			 || test ! -s conftest.err
configure:2319: $? = 0
configure:2322: test -s conftest.o
configure:2325: $? = 0
configure:2338: result: yes
configure:2344: checking whether gcc accepts -g
configure:2365: gcc -c -g  conftest.c >&5
configure:2371: $? = 0
configure:2375: test -z 
			 || test ! -s conftest.err
configure:2378: $? = 0
configure:2381: test -s conftest.o
configure:2384: $? = 0
configure:2395: result: yes
configure:2412: checking for gcc option to accept ANSI C
configure:2482: gcc  -c -march=core2 -O3 -pipe  conftest.c >&5
configure:2488: $? = 0
configure:2492: test -z 
			 || test ! -s conftest.err
configure:2495: $? = 0
configure:2498: test -s conftest.o
configure:2501: $? = 0
configure:2519: result: none needed
configure:2537: gcc -c -march=core2 -O3 -pipe  conftest.c >&5
conftest.c:2: error: expected '=', ',', ';', 'asm' or '__attribute__' before 'me'
configure:2543: $? = 1
configure: failed program was:
| #ifndef __cplusplus
|   choke me
| #endif
configure:2687: checking for style of include used by make
configure:2715: result: GNU
configure:2743: checking dependency style of gcc
configure:2833: result: gcc3
configure:2851: checking for library containing strerror
configure:2881: gcc -o conftest -march=core2 -O3 -pipe   conftest.c  >&5
configure:2887: $? = 0
configure:2891: test -z 
			 || test ! -s conftest.err
configure:2894: $? = 0
configure:2897: test -s conftest
configure:2900: $? = 0
configure:2970: result: none required
configure:2983: checking how to run the C preprocessor
configure:3018: gcc -E  conftest.c
configure:3024: $? = 0
configure:3056: gcc -E  conftest.c
conftest.c:11:28: error: ac_nonexistent.h: No such file or directory
configure:3062: $? = 1
configure: failed program was:
| /* confdefs.h.  */
| 
| #define PACKAGE_NAME ""
| #define PACKAGE_TARNAME ""
| #define PACKAGE_VERSION ""
| #define PACKAGE_STRING ""
| #define PACKAGE_BUGREPORT ""
| #define PACKAGE "pwman"
| #define VERSION "0.3.9"
| /* end confdefs.h.  */
| #include <ac_nonexistent.h>
configure:3101: result: gcc -E
configure:3125: gcc -E  conftest.c
configure:3131: $? = 0
configure:3163: gcc -E  conftest.c
conftest.c:11:28: error: ac_nonexistent.h: No such file or directory
configure:3169: $? = 1
configure: failed program was:
| /* confdefs.h.  */
| 
| #define PACKAGE_NAME ""
| #define PACKAGE_TARNAME ""
| #define PACKAGE_VERSION ""
| #define PACKAGE_STRING ""
| #define PACKAGE_BUGREPORT ""
| #define PACKAGE "pwman"
| #define VERSION "0.3.9"
| /* end confdefs.h.  */
| #include <ac_nonexistent.h>
configure:3213: checking for egrep
configure:3223: result: grep -E
configure:3228: checking for ANSI C header files
configure:3253: gcc -c -march=core2 -O3 -pipe  conftest.c >&5
configure:3259: $? = 0
configure:3263: test -z 
			 || test ! -s conftest.err
configure:3266: $? = 0
configure:3269: test -s conftest.o
configure:3272: $? = 0
configure:3361: gcc -o conftest -march=core2 -O3 -pipe   conftest.c  >&5
conftest.c: In function 'main':
conftest.c:28: warning: incompatible implicit declaration of built-in function 'exit'
configure:3364: $? = 0
configure:3366: ./conftest
configure:3369: $? = 0
configure:3384: result: yes
configure:3408: checking for sys/types.h
configure:3424: gcc -c -march=core2 -O3 -pipe  conftest.c >&5
configure:3430: $? = 0
configure:3434: test -z 
			 || test ! -s conftest.err
configure:3437: $? = 0
configure:3440: test -s conftest.o
configure:3443: $? = 0
configure:3454: result: yes
configure:3408: checking for sys/stat.h
configure:3424: gcc -c -march=core2 -O3 -pipe  conftest.c >&5
configure:3430: $? = 0
configure:3434: test -z 
			 || test ! -s conftest.err
configure:3437: $? = 0
configure:3440: test -s conftest.o
configure:3443: $? = 0
configure:3454: result: yes
configure:3408: checking for stdlib.h
configure:3424: gcc -c -march=core2 -O3 -pipe  conftest.c >&5
configure:3430: $? = 0
configure:3434: test -z 
			 || test ! -s conftest.err
configure:3437: $? = 0
configure:3440: test -s conftest.o
configure:3443: $? = 0
configure:3454: result: yes
configure:3408: checking for string.h
configure:3424: gcc -c -march=core2 -O3 -pipe  conftest.c >&5
configure:3430: $? = 0
configure:3434: test -z 
			 || test ! -s conftest.err
configure:3437: $? = 0
configure:3440: test -s conftest.o
configure:3443: $? = 0
configure:3454: result: yes
configure:3408: checking for memory.h
configure:3424: gcc -c -march=core2 -O3 -pipe  conftest.c >&5
configure:3430: $? = 0
configure:3434: test -z 
			 || test ! -s conftest.err
configure:3437: $? = 0
configure:3440: test -s conftest.o
configure:3443: $? = 0
configure:3454: result: yes
configure:3408: checking for strings.h
configure:3424: gcc -c -march=core2 -O3 -pipe  conftest.c >&5
configure:3430: $? = 0
configure:3434: test -z 
			 || test ! -s conftest.err
configure:3437: $? = 0
configure:3440: test -s conftest.o
configure:3443: $? = 0
configure:3454: result: yes
configure:3408: checking for inttypes.h
configure:3424: gcc -c -march=core2 -O3 -pipe  conftest.c >&5
configure:3430: $? = 0
configure:3434: test -z 
			 || test ! -s conftest.err
configure:3437: $? = 0
configure:3440: test -s conftest.o
configure:3443: $? = 0
configure:3454: result: yes
configure:3408: checking for stdint.h
configure:3424: gcc -c -march=core2 -O3 -pipe  conftest.c >&5
configure:3430: $? = 0
configure:3434: test -z 
			 || test ! -s conftest.err
configure:3437: $? = 0
configure:3440: test -s conftest.o
configure:3443: $? = 0
configure:3454: result: yes
configure:3408: checking for unistd.h
configure:3424: gcc -c -march=core2 -O3 -pipe  conftest.c >&5
configure:3430: $? = 0
configure:3434: test -z 
			 || test ! -s conftest.err
configure:3437: $? = 0
configure:3440: test -s conftest.o
configure:3443: $? = 0
configure:3454: result: yes
configure:3476: checking for unistd.h
configure:3481: result: yes
configure:3485: checking locale.h usability
configure:3497: gcc -c -march=core2 -O3 -pipe  conftest.c >&5
configure:3503: $? = 0
configure:3507: test -z 
			 || test ! -s conftest.err
configure:3510: $? = 0
configure:3513: test -s conftest.o
configure:3516: $? = 0
configure:3526: result: yes
configure:3530: checking locale.h presence
configure:3540: gcc -E  conftest.c
configure:3546: $? = 0
configure:3566: result: yes
configure:3601: checking for locale.h
configure:3608: result: yes
configure:3485: checking termios.h usability
configure:3497: gcc -c -march=core2 -O3 -pipe  conftest.c >&5
configure:3503: $? = 0
configure:3507: test -z 
			 || test ! -s conftest.err
configure:3510: $? = 0
configure:3513: test -s conftest.o
configure:3516: $? = 0
configure:3526: result: yes
configure:3530: checking termios.h presence
configure:3540: gcc -E  conftest.c
configure:3546: $? = 0
configure:3566: result: yes
configure:3601: checking for termios.h
configure:3608: result: yes
configure:3485: checking linux/termios.h usability
configure:3497: gcc -c -march=core2 -O3 -pipe  conftest.c >&5
configure:3503: $? = 0
configure:3507: test -z 
			 || test ! -s conftest.err
configure:3510: $? = 0
configure:3513: test -s conftest.o
configure:3516: $? = 0
configure:3526: result: yes
configure:3530: checking linux/termios.h presence
configure:3540: gcc -E  conftest.c
configure:3546: $? = 0
configure:3566: result: yes
configure:3601: checking for linux/termios.h
configure:3608: result: yes
configure:3485: checking sys/ioctl.h usability
configure:3497: gcc -c -march=core2 -O3 -pipe  conftest.c >&5
configure:3503: $? = 0
configure:3507: test -z 
			 || test ! -s conftest.err
configure:3510: $? = 0
configure:3513: test -s conftest.o
configure:3516: $? = 0
configure:3526: result: yes
configure:3530: checking sys/ioctl.h presence
configure:3540: gcc -E  conftest.c
configure:3546: $? = 0
configure:3566: result: yes
configure:3601: checking for sys/ioctl.h
configure:3608: result: yes
configure:3476: checking for string.h
configure:3481: result: yes
configure:3626: checking for drand48
configure:3683: gcc -o conftest -march=core2 -O3 -pipe   conftest.c  >&5
configure:3689: $? = 0
configure:3693: test -z 
			 || test ! -s conftest.err
configure:3696: $? = 0
configure:3699: test -s conftest
configure:3702: $? = 0
configure:3714: result: yes
configure:3724: checking for strcasestr in -lc
configure:3754: gcc -o conftest -march=core2 -O3 -pipe   conftest.c -lc   >&5
configure:3760: $? = 0
configure:3764: test -z 
			 || test ! -s conftest.err
configure:3767: $? = 0
configure:3770: test -s conftest
configure:3773: $? = 0
configure:3786: result: yes
configure:3808: checking for initscr in -lcurses
configure:3838: gcc -o conftest -march=core2 -O3 -pipe -DHAVE_STRCASESTR   conftest.c -lcurses   >&5
configure:3844: $? = 0
configure:3848: test -z 
			 || test ! -s conftest.err
configure:3851: $? = 0
configure:3854: test -s conftest
configure:3857: $? = 0
configure:3870: result: yes
configure:3891: checking ncurses.h usability
configure:3903: gcc -c -march=core2 -O3 -pipe -DHAVE_STRCASESTR  conftest.c >&5
configure:3909: $? = 0
configure:3913: test -z 
			 || test ! -s conftest.err
configure:3916: $? = 0
configure:3919: test -s conftest.o
configure:3922: $? = 0
configure:3932: result: yes
configure:3936: checking ncurses.h presence
configure:3946: gcc -E  conftest.c
configure:3952: $? = 0
configure:3972: result: yes
configure:4007: checking for ncurses.h
configure:4014: result: yes
configure:4053: checking for xml2-config
configure:4071: found /usr/bin/xml2-config
configure:4084: result: /usr/bin/xml2-config
configure:4130: checking for ANSI C header files
configure:4286: result: yes
configure:4301: checking for string.h
configure:4306: result: yes
configure:4448: checking for size_t
configure:4472: gcc -c -march=core2 -O3 -pipe -DHAVE_STRCASESTR -I/usr/include/libxml2  conftest.c >&5
configure:4478: $? = 0
configure:4482: test -z 
			 || test ! -s conftest.err
configure:4485: $? = 0
configure:4488: test -s conftest.o
configure:4491: $? = 0
configure:4502: result: yes
configure:4627: creating ./config.status

## ---------------------- ##
## Running config.status. ##
## ---------------------- ##

This file was extended by config.status, which was
generated by GNU Autoconf 2.59.  Invocation command line was

  CONFIG_FILES    = 
  CONFIG_HEADERS  = 
  CONFIG_LINKS    = 
  CONFIG_COMMANDS = 
  $ ./config.status 

on centuar

config.status:692: creating Makefile
config.status:692: creating src/Makefile
config.status:692: creating doc/Makefile
config.status:796: creating config.h
config.status:920: config.h is unchanged
config.status:1100: executing depfiles commands

## ---------------- ##
## Cache variables. ##
## ---------------- ##

ac_cv_c_compiler_gnu=yes
ac_cv_env_CC_set=
ac_cv_env_CC_value=
ac_cv_env_CFLAGS_set=set
ac_cv_env_CFLAGS_value='-march=core2 -O3 -pipe'
ac_cv_env_CPPFLAGS_set=
ac_cv_env_CPPFLAGS_value=
ac_cv_env_CPP_set=
ac_cv_env_CPP_value=
ac_cv_env_LDFLAGS_set=
ac_cv_env_LDFLAGS_value=
ac_cv_env_build_alias_set=
ac_cv_env_build_alias_value=
ac_cv_env_host_alias_set=
ac_cv_env_host_alias_value=
ac_cv_env_target_alias_set=
ac_cv_env_target_alias_value=
ac_cv_exeext=
ac_cv_func_drand48=yes
ac_cv_header_inttypes_h=yes
ac_cv_header_linux_termios_h=yes
ac_cv_header_locale_h=yes
ac_cv_header_memory_h=yes
ac_cv_header_ncurses_h=yes
ac_cv_header_stdc=yes
ac_cv_header_stdint_h=yes
ac_cv_header_stdlib_h=yes
ac_cv_header_string_h=yes
ac_cv_header_strings_h=yes
ac_cv_header_sys_ioctl_h=yes
ac_cv_header_sys_stat_h=yes
ac_cv_header_sys_types_h=yes
ac_cv_header_termios_h=yes
ac_cv_header_unistd_h=yes
ac_cv_lib_c_strcasestr=yes
ac_cv_lib_curses_initscr=yes
ac_cv_objext=o
ac_cv_path_XML2_CONFIG=/usr/bin/xml2-config
ac_cv_path_install='/bin/install -c'
ac_cv_prog_AWK=gawk
ac_cv_prog_CPP='gcc -E'
ac_cv_prog_ac_ct_CC=gcc
ac_cv_prog_cc_g=yes
ac_cv_prog_cc_stdc=
ac_cv_prog_egrep='grep -E'
ac_cv_prog_make_make_set=yes
ac_cv_search_strerror='none required'
ac_cv_type_size_t=yes
am_cv_CC_dependencies_compiler_type=gcc3

## ----------------- ##
## Output variables. ##
## ----------------- ##

ACLOCAL='aclocal-1.9'
AMDEPBACKSLASH='\'
AMDEP_FALSE='#'
AMDEP_TRUE=''
AMTAR='tar'
AUTOCONF='autoconf'
AUTOHEADER='autoheader'
AUTOMAKE='automake-1.9'
AWK='gawk'
CC='gcc'
CCDEPMODE='depmode=gcc3'
CFLAGS='-march=core2 -O3 -pipe -DHAVE_STRCASESTR -I/usr/include/libxml2'
CPP='gcc -E'
CPPFLAGS=''
CYGPATH_W='echo'
DEFS='-DHAVE_CONFIG_H'
DEPDIR='.deps'
ECHO_C=''
ECHO_N='-n'
ECHO_T=''
EGREP='grep -E'
EXEEXT=''
INSTALL_DATA='${INSTALL} -m 644'
INSTALL_PROGRAM='${INSTALL}'
INSTALL_SCRIPT='${INSTALL}'
INSTALL_STRIP_PROGRAM='${SHELL} $(install_sh) -c -s'
LDFLAGS=''
LIBOBJS=''
LIBS=' -lcurses -lxml2 -lz -lm'
LTLIBOBJS=''
MAKEINFO='makeinfo'
OBJEXT='o'
PACKAGE='pwman'
PACKAGE_BUGREPORT=''
PACKAGE_NAME=''
PACKAGE_STRING=''
PACKAGE_TARNAME=''
PACKAGE_VERSION=''
PATH_SEPARATOR=':'
SET_MAKE=''
SHELL='/bin/sh'
STRIP=''
VERSION='0.3.9'
XML2_CONFIG='/usr/bin/xml2-config'
ac_ct_CC='gcc'
ac_ct_STRIP=''
am__fastdepCC_FALSE='#'
am__fastdepCC_TRUE=''
am__include='include'
am__leading_dot='.'
am__quote=''
am__tar='${AMTAR} chof - "$$tardir"'
am__untar='${AMTAR} xf -'
bindir='${exec_prefix}/bin'
build_alias=''
datadir='${prefix}/share'
exec_prefix='${prefix}'
host_alias=''
includedir='${prefix}/include'
infodir='${prefix}/info'
install_sh='/home/colin/sys/src/pwman/install-sh'
libdir='${exec_prefix}/lib'
libexecdir='${exec_prefix}/libexec'
localstatedir='${prefix}/var'
mandir='${prefix}/man'
mkdir_p='mkdir -p --'
oldincludedir='/usr/include'
prefix='/home/colin/sys'
program_transform_name='s,x,x,'
sbindir='${exec_prefix}/sbin'
sharedstatedir='${prefix}/com'
sysconfdir='${prefix}/etc'
target_alias=''

## ----------- ##
## confdefs.h. ##
## ----------- ##

#define HAVE_DRAND48 1
#define HAVE_INTTYPES_H 1
#define HAVE_LINUX_TERMIOS_H 1
#define HAVE_LOCALE_H 1
#define HAVE_MEMORY_H 1
#define HAVE_NCURSES_H 1
#define HAVE_STDINT_H 1
#define HAVE_STDLIB_H 1
#define HAVE_STRINGS_H 1
#define HAVE_STRING_H 1
#define HAVE_STRING_H 1
#define HAVE_STRING_H 1
#define HAVE_SYS_IOCTL_H 1
#define HAVE_SYS_STAT_H 1
#define HAVE_SYS_TYPES_H 1
#define HAVE_TERMIOS_H 1
#define HAVE_UNISTD_H 1
#define HAVE_UNISTD_H 1
#define PACKAGE "pwman"
#define PACKAGE_BUGREPORT ""
#define PACKAGE_NAME ""
#define PACKAGE_STRING ""
#define PACKAGE_TARNAME ""
#define PACKAGE_VERSION ""
#define STDC_HEADERS 1
#define STDC_HEADERS 1
#define VERSION "0.3.9"

configure: exit 0
